The system is: Linux - 4.18.0-305.19.1.el8_4.x86_64 - x86_64
Compiling the C compiler identification source file "CMakeCCompilerId.c" succeeded.
Compiler: /usr/bin/cc 
Build flags: 
Id flags:  

The output was:
0


Compilation of the C compiler identification source "CMakeCCompilerId.c" produced "a.out"

The C compiler identification is GNU, found in "/home/dxgzg/Pine/cmake-build-debug/CMakeFiles/3.22.3/CompilerIdC/a.out"

Compiling the CXX compiler identification source file "CMakeCXXCompilerId.cpp" succeeded.
Compiler: /usr/bin/c++ 
Build flags: 
Id flags:  

The output was:
0


Compilation of the CXX compiler identification source "CMakeCXXCompilerId.cpp" produced "a.out"

The CXX compiler identification is GNU, found in "/home/dxgzg/Pine/cmake-build-debug/CMakeFiles/3.22.3/CompilerIdCXX/a.out"

Detecting C compiler ABI info compiled with the following output:
Change Dir: /home/dxgzg/Pine/cmake-build-debug/CMakeFiles/CMakeTmp

Run Build Command(s):/home/dxgzg/.cache/JetBrains/RemoteDev/dist/7910daac18c9b_CLion-2022.1/bin/ninja/linux/ninja cmTC_d69de && [1/2] Building C object CMakeFiles/cmTC_d69de.dir/CMakeCCompilerABI.c.o
Using built-in specs.
COLLECT_GCC=/usr/bin/cc
OFFLOAD_TARGET_NAMES=nvptx-none
OFFLOAD_TARGET_DEFAULT=1
Target: x86_64-redhat-linux
Configured with: ../configure --enable-bootstrap --enable-languages=c,c++,fortran,lto --prefix=/usr --mandir=/usr/share/man --infodir=/usr/share/info --with-bugurl=http://bugzilla.redhat.com/bugzilla --enable-shared --enable-threads=posix --enable-checking=release --enable-multilib --with-system-zlib --enable-__cxa_atexit --disable-libunwind-exceptions --enable-gnu-unique-object --enable-linker-build-id --with-gcc-major-version-only --with-linker-hash-style=gnu --enable-plugin --enable-initfini-array --with-isl --disable-libmpx --enable-offload-targets=nvptx-none --without-cuda-driver --enable-gnu-indirect-function --enable-cet --with-tune=generic --with-arch_32=x86-64 --build=x86_64-redhat-linux
Thread model: posix
gcc version 8.5.0 20210514 (Red Hat 8.5.0-4) (GCC) 
COLLECT_GCC_OPTIONS='-v' '-o' 'CMakeFiles/cmTC_d69de.dir/CMakeCCompilerABI.c.o' '-c' '-mtune=generic' '-march=x86-64'
 /usr/libexec/gcc/x86_64-redhat-linux/8/cc1 -quiet -v /home/dxgzg/.cache/JetBrains/RemoteDev/dist/7910daac18c9b_CLion-2022.1/bin/cmake/linux/share/cmake-3.22/Modules/CMakeCCompilerABI.c -quiet -dumpbase CMakeCCompilerABI.c -mtune=generic -march=x86-64 -auxbase-strip CMakeFiles/cmTC_d69de.dir/CMakeCCompilerABI.c.o -version -o /tmp/ccXqUvvr.s
GNU C17 (GCC) version 8.5.0 20210514 (Red Hat 8.5.0-4) (x86_64-redhat-linux)
	compiled by GNU C version 8.5.0 20210514 (Red Hat 8.5.0-4), GMP version 6.1.2, MPFR version 3.1.6-p2, MPC version 1.1.0, isl version isl-0.16.1-GMP

GGC heuristics: --param ggc-min-expand=100 --param ggc-min-heapsize=131072
ignoring nonexistent directory "/usr/lib/gcc/x86_64-redhat-linux/8/include-fixed"
ignoring nonexistent directory "/usr/lib/gcc/x86_64-redhat-linux/8/../../../../x86_64-redhat-linux/include"
#include "..." search starts here:
#include <...> search starts here:
 /usr/lib/gcc/x86_64-redhat-linux/8/include
 /usr/local/include
 /usr/include
End of search list.
GNU C17 (GCC) version 8.5.0 20210514 (Red Hat 8.5.0-4) (x86_64-redhat-linux)
	compiled by GNU C version 8.5.0 20210514 (Red Hat 8.5.0-4), GMP version 6.1.2, MPFR version 3.1.6-p2, MPC version 1.1.0, isl version isl-0.16.1-GMP

GGC heuristics: --param ggc-min-expand=100 --param ggc-min-heapsize=131072
Compiler executable checksum: 28dc17f098e3832ac20df76fcd24b1a5
COLLECT_GCC_OPTIONS='-v' '-o' 'CMakeFiles/cmTC_d69de.dir/CMakeCCompilerABI.c.o' '-c' '-mtune=generic' '-march=x86-64'
 as -v --64 -o CMakeFiles/cmTC_d69de.dir/CMakeCCompilerABI.c.o /tmp/ccXqUvvr.s
GNU assembler version 2.36 (x86_64-pc-linux-gnu) using BFD version (GNU Binutils) 2.36
COMPILER_PATH=/usr/libexec/gcc/x86_64-redhat-linux/8/:/usr/libexec/gcc/x86_64-redhat-linux/8/:/usr/libexec/gcc/x86_64-redhat-linux/:/usr/lib/gcc/x86_64-redhat-linux/8/:/usr/lib/gcc/x86_64-redhat-linux/
LIBRARY_PATH=/usr/lib/gcc/x86_64-redhat-linux/8/:/usr/lib/gcc/x86_64-redhat-linux/8/../../../../lib64/:/lib/../lib64/:/usr/lib/../lib64/:/usr/lib/gcc/x86_64-redhat-linux/8/../../../:/lib/:/usr/lib/
COLLECT_GCC_OPTIONS='-v' '-o' 'CMakeFiles/cmTC_d69de.dir/CMakeCCompilerABI.c.o' '-c' '-mtune=generic' '-march=x86-64'
[2/2] Linking C executable cmTC_d69de
Using built-in specs.
COLLECT_GCC=/usr/bin/cc
COLLECT_LTO_WRAPPER=/usr/libexec/gcc/x86_64-redhat-linux/8/lto-wrapper
OFFLOAD_TARGET_NAMES=nvptx-none
OFFLOAD_TARGET_DEFAULT=1
Target: x86_64-redhat-linux
Configured with: ../configure --enable-bootstrap --enable-languages=c,c++,fortran,lto --prefix=/usr --mandir=/usr/share/man --infodir=/usr/share/info --with-bugurl=http://bugzilla.redhat.com/bugzilla --enable-shared --enable-threads=posix --enable-checking=release --enable-multilib --with-system-zlib --enable-__cxa_atexit --disable-libunwind-exceptions --enable-gnu-unique-object --enable-linker-build-id --with-gcc-major-version-only --with-linker-hash-style=gnu --enable-plugin --enable-initfini-array --with-isl --disable-libmpx --enable-offload-targets=nvptx-none --without-cuda-driver --enable-gnu-indirect-function --enable-cet --with-tune=generic --with-arch_32=x86-64 --build=x86_64-redhat-linux
Thread model: posix
gcc version 8.5.0 20210514 (Red Hat 8.5.0-4) (GCC) 
COMPILER_PATH=/usr/libexec/gcc/x86_64-redhat-linux/8/:/usr/libexec/gcc/x86_64-redhat-linux/8/:/usr/libexec/gcc/x86_64-redhat-linux/:/usr/lib/gcc/x86_64-redhat-linux/8/:/usr/lib/gcc/x86_64-redhat-linux/
LIBRARY_PATH=/usr/lib/gcc/x86_64-redhat-linux/8/:/usr/lib/gcc/x86_64-redhat-linux/8/../../../../lib64/:/lib/../lib64/:/usr/lib/../lib64/:/usr/lib/gcc/x86_64-redhat-linux/8/../../../:/lib/:/usr/lib/
COLLECT_GCC_OPTIONS='-v' '-rdynamic' '-o' 'cmTC_d69de' '-mtune=generic' '-march=x86-64'
 /usr/libexec/gcc/x86_64-redhat-linux/8/collect2 -plugin /usr/libexec/gcc/x86_64-redhat-linux/8/liblto_plugin.so -plugin-opt=/usr/libexec/gcc/x86_64-redhat-linux/8/lto-wrapper -plugin-opt=-fresolution=/tmp/ccoSQZ2X.res -plugin-opt=-pass-through=-lgcc -plugin-opt=-pass-through=-lgcc_s -plugin-opt=-pass-through=-lc -plugin-opt=-pass-through=-lgcc -plugin-opt=-pass-through=-lgcc_s --build-id --no-add-needed --eh-frame-hdr --hash-style=gnu -m elf_x86_64 -export-dynamic -dynamic-linker /lib64/ld-linux-x86-64.so.2 -o cmTC_d69de /usr/lib/gcc/x86_64-redhat-linux/8/../../../../lib64/crt1.o /usr/lib/gcc/x86_64-redhat-linux/8/../../../../lib64/crti.o /usr/lib/gcc/x86_64-redhat-linux/8/crtbegin.o -L/usr/lib/gcc/x86_64-redhat-linux/8 -L/usr/lib/gcc/x86_64-redhat-linux/8/../../../../lib64 -L/lib/../lib64 -L/usr/lib/../lib64 -L/usr/lib/gcc/x86_64-redhat-linux/8/../../.. CMakeFiles/cmTC_d69de.dir/CMakeCCompilerABI.c.o -lgcc --as-needed -lgcc_s --no-as-needed -lc -lgcc --as-needed -lgcc_s --no-as-needed /usr/lib/gcc/x86_64-redhat-linux/8/crtend.o /usr/lib/gcc/x86_64-redhat-linux/8/../../../../lib64/crtn.o
COLLECT_GCC_OPTIONS='-v' '-rdynamic' '-o' 'cmTC_d69de' '-mtune=generic' '-march=x86-64'



Parsed C implicit include dir info from above output: rv=done
  found start of include info
  found start of implicit include info
    add: [/usr/lib/gcc/x86_64-redhat-linux/8/include]
    add: [/usr/local/include]
    add: [/usr/include]
  end of search list found
  collapse include dir [/usr/lib/gcc/x86_64-redhat-linux/8/include] ==> [/usr/lib/gcc/x86_64-redhat-linux/8/include]
  collapse include dir [/usr/local/include] ==> [/usr/local/include]
  collapse include dir [/usr/include] ==> [/usr/include]
  implicit include dirs: [/usr/lib/gcc/x86_64-redhat-linux/8/include;/usr/local/include;/usr/include]


Parsed C implicit link information from above output:
  link line regex: [^( *|.*[/\])(ld|CMAKE_LINK_STARTFILE-NOTFOUND|([^/\]+-)?ld|collect2)[^/\]*( |$)]
  ignore line: [Change Dir: /home/dxgzg/Pine/cmake-build-debug/CMakeFiles/CMakeTmp]
  ignore line: []
  ignore line: [Run Build Command(s):/home/dxgzg/.cache/JetBrains/RemoteDev/dist/7910daac18c9b_CLion-2022.1/bin/ninja/linux/ninja cmTC_d69de && [1/2] Building C object CMakeFiles/cmTC_d69de.dir/CMakeCCompilerABI.c.o]
  ignore line: [Using built-in specs.]
  ignore line: [COLLECT_GCC=/usr/bin/cc]
  ignore line: [OFFLOAD_TARGET_NAMES=nvptx-none]
  ignore line: [OFFLOAD_TARGET_DEFAULT=1]
  ignore line: [Target: x86_64-redhat-linux]
  ignore line: [Configured with: ../configure --enable-bootstrap --enable-languages=c c++ fortran lto --prefix=/usr --mandir=/usr/share/man --infodir=/usr/share/info --with-bugurl=http://bugzilla.redhat.com/bugzilla --enable-shared --enable-threads=posix --enable-checking=release --enable-multilib --with-system-zlib --enable-__cxa_atexit --disable-libunwind-exceptions --enable-gnu-unique-object --enable-linker-build-id --with-gcc-major-version-only --with-linker-hash-style=gnu --enable-plugin --enable-initfini-array --with-isl --disable-libmpx --enable-offload-targets=nvptx-none --without-cuda-driver --enable-gnu-indirect-function --enable-cet --with-tune=generic --with-arch_32=x86-64 --build=x86_64-redhat-linux]
  ignore line: [Thread model: posix]
  ignore line: [gcc version 8.5.0 20210514 (Red Hat 8.5.0-4) (GCC) ]
  ignore line: [COLLECT_GCC_OPTIONS='-v' '-o' 'CMakeFiles/cmTC_d69de.dir/CMakeCCompilerABI.c.o' '-c' '-mtune=generic' '-march=x86-64']
  ignore line: [ /usr/libexec/gcc/x86_64-redhat-linux/8/cc1 -quiet -v /home/dxgzg/.cache/JetBrains/RemoteDev/dist/7910daac18c9b_CLion-2022.1/bin/cmake/linux/share/cmake-3.22/Modules/CMakeCCompilerABI.c -quiet -dumpbase CMakeCCompilerABI.c -mtune=generic -march=x86-64 -auxbase-strip CMakeFiles/cmTC_d69de.dir/CMakeCCompilerABI.c.o -version -o /tmp/ccXqUvvr.s]
  ignore line: [GNU C17 (GCC) version 8.5.0 20210514 (Red Hat 8.5.0-4) (x86_64-redhat-linux)]
  ignore line: [	compiled by GNU C version 8.5.0 20210514 (Red Hat 8.5.0-4)  GMP version 6.1.2  MPFR version 3.1.6-p2  MPC version 1.1.0  isl version isl-0.16.1-GMP]
  ignore line: []
  ignore line: [GGC heuristics: --param ggc-min-expand=100 --param ggc-min-heapsize=131072]
  ignore line: [ignoring nonexistent directory "/usr/lib/gcc/x86_64-redhat-linux/8/include-fixed"]
  ignore line: [ignoring nonexistent directory "/usr/lib/gcc/x86_64-redhat-linux/8/../../../../x86_64-redhat-linux/include"]
  ignore line: [#include "..." search starts here:]
  ignore line: [#include <...> search starts here:]
  ignore line: [ /usr/lib/gcc/x86_64-redhat-linux/8/include]
  ignore line: [ /usr/local/include]
  ignore line: [ /usr/include]
  ignore line: [End of search list.]
  ignore line: [GNU C17 (GCC) version 8.5.0 20210514 (Red Hat 8.5.0-4) (x86_64-redhat-linux)]
  ignore line: [	compiled by GNU C version 8.5.0 20210514 (Red Hat 8.5.0-4)  GMP version 6.1.2  MPFR version 3.1.6-p2  MPC version 1.1.0  isl version isl-0.16.1-GMP]
  ignore line: []
  ignore line: [GGC heuristics: --param ggc-min-expand=100 --param ggc-min-heapsize=131072]
  ignore line: [Compiler executable checksum: 28dc17f098e3832ac20df76fcd24b1a5]
  ignore line: [COLLECT_GCC_OPTIONS='-v' '-o' 'CMakeFiles/cmTC_d69de.dir/CMakeCCompilerABI.c.o' '-c' '-mtune=generic' '-march=x86-64']
  ignore line: [ as -v --64 -o CMakeFiles/cmTC_d69de.dir/CMakeCCompilerABI.c.o /tmp/ccXqUvvr.s]
  ignore line: [GNU assembler version 2.36 (x86_64-pc-linux-gnu) using BFD version (GNU Binutils) 2.36]
  ignore line: [COMPILER_PATH=/usr/libexec/gcc/x86_64-redhat-linux/8/:/usr/libexec/gcc/x86_64-redhat-linux/8/:/usr/libexec/gcc/x86_64-redhat-linux/:/usr/lib/gcc/x86_64-redhat-linux/8/:/usr/lib/gcc/x86_64-redhat-linux/]
  ignore line: [LIBRARY_PATH=/usr/lib/gcc/x86_64-redhat-linux/8/:/usr/lib/gcc/x86_64-redhat-linux/8/../../../../lib64/:/lib/../lib64/:/usr/lib/../lib64/:/usr/lib/gcc/x86_64-redhat-linux/8/../../../:/lib/:/usr/lib/]
  ignore line: [COLLECT_GCC_OPTIONS='-v' '-o' 'CMakeFiles/cmTC_d69de.dir/CMakeCCompilerABI.c.o' '-c' '-mtune=generic' '-march=x86-64']
  ignore line: [[2/2] Linking C executable cmTC_d69de]
  ignore line: [Using built-in specs.]
  ignore line: [COLLECT_GCC=/usr/bin/cc]
  ignore line: [COLLECT_LTO_WRAPPER=/usr/libexec/gcc/x86_64-redhat-linux/8/lto-wrapper]
  ignore line: [OFFLOAD_TARGET_NAMES=nvptx-none]
  ignore line: [OFFLOAD_TARGET_DEFAULT=1]
  ignore line: [Target: x86_64-redhat-linux]
  ignore line: [Configured with: ../configure --enable-bootstrap --enable-languages=c c++ fortran lto --prefix=/usr --mandir=/usr/share/man --infodir=/usr/share/info --with-bugurl=http://bugzilla.redhat.com/bugzilla --enable-shared --enable-threads=posix --enable-checking=release --enable-multilib --with-system-zlib --enable-__cxa_atexit --disable-libunwind-exceptions --enable-gnu-unique-object --enable-linker-build-id --with-gcc-major-version-only --with-linker-hash-style=gnu --enable-plugin --enable-initfini-array --with-isl --disable-libmpx --enable-offload-targets=nvptx-none --without-cuda-driver --enable-gnu-indirect-function --enable-cet --with-tune=generic --with-arch_32=x86-64 --build=x86_64-redhat-linux]
  ignore line: [Thread model: posix]
  ignore line: [gcc version 8.5.0 20210514 (Red Hat 8.5.0-4) (GCC) ]
  ignore line: [COMPILER_PATH=/usr/libexec/gcc/x86_64-redhat-linux/8/:/usr/libexec/gcc/x86_64-redhat-linux/8/:/usr/libexec/gcc/x86_64-redhat-linux/:/usr/lib/gcc/x86_64-redhat-linux/8/:/usr/lib/gcc/x86_64-redhat-linux/]
  ignore line: [LIBRARY_PATH=/usr/lib/gcc/x86_64-redhat-linux/8/:/usr/lib/gcc/x86_64-redhat-linux/8/../../../../lib64/:/lib/../lib64/:/usr/lib/../lib64/:/usr/lib/gcc/x86_64-redhat-linux/8/../../../:/lib/:/usr/lib/]
  ignore line: [COLLECT_GCC_OPTIONS='-v' '-rdynamic' '-o' 'cmTC_d69de' '-mtune=generic' '-march=x86-64']
  link line: [ /usr/libexec/gcc/x86_64-redhat-linux/8/collect2 -plugin /usr/libexec/gcc/x86_64-redhat-linux/8/liblto_plugin.so -plugin-opt=/usr/libexec/gcc/x86_64-redhat-linux/8/lto-wrapper -plugin-opt=-fresolution=/tmp/ccoSQZ2X.res -plugin-opt=-pass-through=-lgcc -plugin-opt=-pass-through=-lgcc_s -plugin-opt=-pass-through=-lc -plugin-opt=-pass-through=-lgcc -plugin-opt=-pass-through=-lgcc_s --build-id --no-add-needed --eh-frame-hdr --hash-style=gnu -m elf_x86_64 -export-dynamic -dynamic-linker /lib64/ld-linux-x86-64.so.2 -o cmTC_d69de /usr/lib/gcc/x86_64-redhat-linux/8/../../../../lib64/crt1.o /usr/lib/gcc/x86_64-redhat-linux/8/../../../../lib64/crti.o /usr/lib/gcc/x86_64-redhat-linux/8/crtbegin.o -L/usr/lib/gcc/x86_64-redhat-linux/8 -L/usr/lib/gcc/x86_64-redhat-linux/8/../../../../lib64 -L/lib/../lib64 -L/usr/lib/../lib64 -L/usr/lib/gcc/x86_64-redhat-linux/8/../../.. CMakeFiles/cmTC_d69de.dir/CMakeCCompilerABI.c.o -lgcc --as-needed -lgcc_s --no-as-needed -lc -lgcc --as-needed -lgcc_s --no-as-needed /usr/lib/gcc/x86_64-redhat-linux/8/crtend.o /usr/lib/gcc/x86_64-redhat-linux/8/../../../../lib64/crtn.o]
    arg [/usr/libexec/gcc/x86_64-redhat-linux/8/collect2] ==> ignore
    arg [-plugin] ==> ignore
    arg [/usr/libexec/gcc/x86_64-redhat-linux/8/liblto_plugin.so] ==> ignore
    arg [-plugin-opt=/usr/libexec/gcc/x86_64-redhat-linux/8/lto-wrapper] ==> ignore
    arg [-plugin-opt=-fresolution=/tmp/ccoSQZ2X.res] ==> ignore
    arg [-plugin-opt=-pass-through=-lgcc] ==> ignore
    arg [-plugin-opt=-pass-through=-lgcc_s] ==> ignore
    arg [-plugin-opt=-pass-through=-lc] ==> ignore
    arg [-plugin-opt=-pass-through=-lgcc] ==> ignore
    arg [-plugin-opt=-pass-through=-lgcc_s] ==> ignore
    arg [--build-id] ==> ignore
    arg [--no-add-needed] ==> ignore
    arg [--eh-frame-hdr] ==> ignore
    arg [--hash-style=gnu] ==> ignore
    arg [-m] ==> ignore
    arg [elf_x86_64] ==> ignore
    arg [-export-dynamic] ==> ignore
    arg [-dynamic-linker] ==> ignore
    arg [/lib64/ld-linux-x86-64.so.2] ==> ignore
    arg [-o] ==> ignore
    arg [cmTC_d69de] ==> ignore
    arg [/usr/lib/gcc/x86_64-redhat-linux/8/../../../../lib64/crt1.o] ==> obj [/usr/lib/gcc/x86_64-redhat-linux/8/../../../../lib64/crt1.o]
    arg [/usr/lib/gcc/x86_64-redhat-linux/8/../../../../lib64/crti.o] ==> obj [/usr/lib/gcc/x86_64-redhat-linux/8/../../../../lib64/crti.o]
    arg [/usr/lib/gcc/x86_64-redhat-linux/8/crtbegin.o] ==> obj [/usr/lib/gcc/x86_64-redhat-linux/8/crtbegin.o]
    arg [-L/usr/lib/gcc/x86_64-redhat-linux/8] ==> dir [/usr/lib/gcc/x86_64-redhat-linux/8]
    arg [-L/usr/lib/gcc/x86_64-redhat-linux/8/../../../../lib64] ==> dir [/usr/lib/gcc/x86_64-redhat-linux/8/../../../../lib64]
    arg [-L/lib/../lib64] ==> dir [/lib/../lib64]
    arg [-L/usr/lib/../lib64] ==> dir [/usr/lib/../lib64]
    arg [-L/usr/lib/gcc/x86_64-redhat-linux/8/../../..] ==> dir [/usr/lib/gcc/x86_64-redhat-linux/8/../../..]
    arg [CMakeFiles/cmTC_d69de.dir/CMakeCCompilerABI.c.o] ==> ignore
    arg [-lgcc] ==> lib [gcc]
    arg [--as-needed] ==> ignore
    arg [-lgcc_s] ==> lib [gcc_s]
    arg [--no-as-needed] ==> ignore
    arg [-lc] ==> lib [c]
    arg [-lgcc] ==> lib [gcc]
    arg [--as-needed] ==> ignore
    arg [-lgcc_s] ==> lib [gcc_s]
    arg [--no-as-needed] ==> ignore
    arg [/usr/lib/gcc/x86_64-redhat-linux/8/crtend.o] ==> obj [/usr/lib/gcc/x86_64-redhat-linux/8/crtend.o]
    arg [/usr/lib/gcc/x86_64-redhat-linux/8/../../../../lib64/crtn.o] ==> obj [/usr/lib/gcc/x86_64-redhat-linux/8/../../../../lib64/crtn.o]
  collapse obj [/usr/lib/gcc/x86_64-redhat-linux/8/../../../../lib64/crt1.o] ==> [/usr/lib64/crt1.o]
  collapse obj [/usr/lib/gcc/x86_64-redhat-linux/8/../../../../lib64/crti.o] ==> [/usr/lib64/crti.o]
  collapse obj [/usr/lib/gcc/x86_64-redhat-linux/8/../../../../lib64/crtn.o] ==> [/usr/lib64/crtn.o]
  collapse library dir [/usr/lib/gcc/x86_64-redhat-linux/8] ==> [/usr/lib/gcc/x86_64-redhat-linux/8]
  collapse library dir [/usr/lib/gcc/x86_64-redhat-linux/8/../../../../lib64] ==> [/usr/lib64]
  collapse library dir [/lib/../lib64] ==> [/lib64]
  collapse library dir [/usr/lib/../lib64] ==> [/usr/lib64]
  collapse library dir [/usr/lib/gcc/x86_64-redhat-linux/8/../../..] ==> [/usr/lib]
  implicit libs: [gcc;gcc_s;c;gcc;gcc_s]
  implicit objs: [/usr/lib64/crt1.o;/usr/lib64/crti.o;/usr/lib/gcc/x86_64-redhat-linux/8/crtbegin.o;/usr/lib/gcc/x86_64-redhat-linux/8/crtend.o;/usr/lib64/crtn.o]
  implicit dirs: [/usr/lib/gcc/x86_64-redhat-linux/8;/usr/lib64;/lib64;/usr/lib]
  implicit fwks: []


Detecting CXX compiler ABI info compiled with the following output:
Change Dir: /home/dxgzg/Pine/cmake-build-debug/CMakeFiles/CMakeTmp

Run Build Command(s):/home/dxgzg/.cache/JetBrains/RemoteDev/dist/7910daac18c9b_CLion-2022.1/bin/ninja/linux/ninja cmTC_77c34 && [1/2] Building CXX object CMakeFiles/cmTC_77c34.dir/CMakeCXXCompilerABI.cpp.o
Using built-in specs.
COLLECT_GCC=/usr/bin/c++
OFFLOAD_TARGET_NAMES=nvptx-none
OFFLOAD_TARGET_DEFAULT=1
Target: x86_64-redhat-linux
Configured with: ../configure --enable-bootstrap --enable-languages=c,c++,fortran,lto --prefix=/usr --mandir=/usr/share/man --infodir=/usr/share/info --with-bugurl=http://bugzilla.redhat.com/bugzilla --enable-shared --enable-threads=posix --enable-checking=release --enable-multilib --with-system-zlib --enable-__cxa_atexit --disable-libunwind-exceptions --enable-gnu-unique-object --enable-linker-build-id --with-gcc-major-version-only --with-linker-hash-style=gnu --enable-plugin --enable-initfini-array --with-isl --disable-libmpx --enable-offload-targets=nvptx-none --without-cuda-driver --enable-gnu-indirect-function --enable-cet --with-tune=generic --with-arch_32=x86-64 --build=x86_64-redhat-linux
Thread model: posix
gcc version 8.5.0 20210514 (Red Hat 8.5.0-4) (GCC) 
COLLECT_GCC_OPTIONS='-v' '-o' 'CMakeFiles/cmTC_77c34.dir/CMakeCXXCompilerABI.cpp.o' '-c' '-shared-libgcc' '-mtune=generic' '-march=x86-64'
 /usr/libexec/gcc/x86_64-redhat-linux/8/cc1plus -quiet -v -D_GNU_SOURCE /home/dxgzg/.cache/JetBrains/RemoteDev/dist/7910daac18c9b_CLion-2022.1/bin/cmake/linux/share/cmake-3.22/Modules/CMakeCXXCompilerABI.cpp -quiet -dumpbase CMakeCXXCompilerABI.cpp -mtune=generic -march=x86-64 -auxbase-strip CMakeFiles/cmTC_77c34.dir/CMakeCXXCompilerABI.cpp.o -version -o /tmp/ccSuG48s.s
GNU C++14 (GCC) version 8.5.0 20210514 (Red Hat 8.5.0-4) (x86_64-redhat-linux)
	compiled by GNU C version 8.5.0 20210514 (Red Hat 8.5.0-4), GMP version 6.1.2, MPFR version 3.1.6-p2, MPC version 1.1.0, isl version isl-0.16.1-GMP

GGC heuristics: --param ggc-min-expand=100 --param ggc-min-heapsize=131072
ignoring nonexistent directory "/usr/lib/gcc/x86_64-redhat-linux/8/include-fixed"
ignoring nonexistent directory "/usr/lib/gcc/x86_64-redhat-linux/8/../../../../x86_64-redhat-linux/include"
#include "..." search starts here:
#include <...> search starts here:
 /usr/lib/gcc/x86_64-redhat-linux/8/../../../../include/c++/8
 /usr/lib/gcc/x86_64-redhat-linux/8/../../../../include/c++/8/x86_64-redhat-linux
 /usr/lib/gcc/x86_64-redhat-linux/8/../../../../include/c++/8/backward
 /usr/lib/gcc/x86_64-redhat-linux/8/include
 /usr/local/include
 /usr/include
End of search list.
GNU C++14 (GCC) version 8.5.0 20210514 (Red Hat 8.5.0-4) (x86_64-redhat-linux)
	compiled by GNU C version 8.5.0 20210514 (Red Hat 8.5.0-4), GMP version 6.1.2, MPFR version 3.1.6-p2, MPC version 1.1.0, isl version isl-0.16.1-GMP

GGC heuristics: --param ggc-min-expand=100 --param ggc-min-heapsize=131072
Compiler executable checksum: a3e911683655adb395232bf9ad0a32d4
COLLECT_GCC_OPTIONS='-v' '-o' 'CMakeFiles/cmTC_77c34.dir/CMakeCXXCompilerABI.cpp.o' '-c' '-shared-libgcc' '-mtune=generic' '-march=x86-64'
 as -v --64 -o CMakeFiles/cmTC_77c34.dir/CMakeCXXCompilerABI.cpp.o /tmp/ccSuG48s.s
GNU assembler version 2.36 (x86_64-pc-linux-gnu) using BFD version (GNU Binutils) 2.36
COMPILER_PATH=/usr/libexec/gcc/x86_64-redhat-linux/8/:/usr/libexec/gcc/x86_64-redhat-linux/8/:/usr/libexec/gcc/x86_64-redhat-linux/:/usr/lib/gcc/x86_64-redhat-linux/8/:/usr/lib/gcc/x86_64-redhat-linux/
LIBRARY_PATH=/usr/lib/gcc/x86_64-redhat-linux/8/:/usr/lib/gcc/x86_64-redhat-linux/8/../../../../lib64/:/lib/../lib64/:/usr/lib/../lib64/:/usr/lib/gcc/x86_64-redhat-linux/8/../../../:/lib/:/usr/lib/
COLLECT_GCC_OPTIONS='-v' '-o' 'CMakeFiles/cmTC_77c34.dir/CMakeCXXCompilerABI.cpp.o' '-c' '-shared-libgcc' '-mtune=generic' '-march=x86-64'
[2/2] Linking CXX executable cmTC_77c34
Using built-in specs.
COLLECT_GCC=/usr/bin/c++
COLLECT_LTO_WRAPPER=/usr/libexec/gcc/x86_64-redhat-linux/8/lto-wrapper
OFFLOAD_TARGET_NAMES=nvptx-none
OFFLOAD_TARGET_DEFAULT=1
Target: x86_64-redhat-linux
Configured with: ../configure --enable-bootstrap --enable-languages=c,c++,fortran,lto --prefix=/usr --mandir=/usr/share/man --infodir=/usr/share/info --with-bugurl=http://bugzilla.redhat.com/bugzilla --enable-shared --enable-threads=posix --enable-checking=release --enable-multilib --with-system-zlib --enable-__cxa_atexit --disable-libunwind-exceptions --enable-gnu-unique-object --enable-linker-build-id --with-gcc-major-version-only --with-linker-hash-style=gnu --enable-plugin --enable-initfini-array --with-isl --disable-libmpx --enable-offload-targets=nvptx-none --without-cuda-driver --enable-gnu-indirect-function --enable-cet --with-tune=generic --with-arch_32=x86-64 --build=x86_64-redhat-linux
Thread model: posix
gcc version 8.5.0 20210514 (Red Hat 8.5.0-4) (GCC) 
COMPILER_PATH=/usr/libexec/gcc/x86_64-redhat-linux/8/:/usr/libexec/gcc/x86_64-redhat-linux/8/:/usr/libexec/gcc/x86_64-redhat-linux/:/usr/lib/gcc/x86_64-redhat-linux/8/:/usr/lib/gcc/x86_64-redhat-linux/
LIBRARY_PATH=/usr/lib/gcc/x86_64-redhat-linux/8/:/usr/lib/gcc/x86_64-redhat-linux/8/../../../../lib64/:/lib/../lib64/:/usr/lib/../lib64/:/usr/lib/gcc/x86_64-redhat-linux/8/../../../:/lib/:/usr/lib/
COLLECT_GCC_OPTIONS='-v' '-rdynamic' '-o' 'cmTC_77c34' '-shared-libgcc' '-mtune=generic' '-march=x86-64'
 /usr/libexec/gcc/x86_64-redhat-linux/8/collect2 -plugin /usr/libexec/gcc/x86_64-redhat-linux/8/liblto_plugin.so -plugin-opt=/usr/libexec/gcc/x86_64-redhat-linux/8/lto-wrapper -plugin-opt=-fresolution=/tmp/ccm6UoWM.res -plugin-opt=-pass-through=-lgcc_s -plugin-opt=-pass-through=-lgcc -plugin-opt=-pass-through=-lc -plugin-opt=-pass-through=-lgcc_s -plugin-opt=-pass-through=-lgcc --build-id --no-add-needed --eh-frame-hdr --hash-style=gnu -m elf_x86_64 -export-dynamic -dynamic-linker /lib64/ld-linux-x86-64.so.2 -o cmTC_77c34 /usr/lib/gcc/x86_64-redhat-linux/8/../../../../lib64/crt1.o /usr/lib/gcc/x86_64-redhat-linux/8/../../../../lib64/crti.o /usr/lib/gcc/x86_64-redhat-linux/8/crtbegin.o -L/usr/lib/gcc/x86_64-redhat-linux/8 -L/usr/lib/gcc/x86_64-redhat-linux/8/../../../../lib64 -L/lib/../lib64 -L/usr/lib/../lib64 -L/usr/lib/gcc/x86_64-redhat-linux/8/../../.. CMakeFiles/cmTC_77c34.dir/CMakeCXXCompilerABI.cpp.o -lstdc++ -lm -lgcc_s -lgcc -lc -lgcc_s -lgcc /usr/lib/gcc/x86_64-redhat-linux/8/crtend.o /usr/lib/gcc/x86_64-redhat-linux/8/../../../../lib64/crtn.o
COLLECT_GCC_OPTIONS='-v' '-rdynamic' '-o' 'cmTC_77c34' '-shared-libgcc' '-mtune=generic' '-march=x86-64'



Parsed CXX implicit include dir info from above output: rv=done
  found start of include info
  found start of implicit include info
    add: [/usr/lib/gcc/x86_64-redhat-linux/8/../../../../include/c++/8]
    add: [/usr/lib/gcc/x86_64-redhat-linux/8/../../../../include/c++/8/x86_64-redhat-linux]
    add: [/usr/lib/gcc/x86_64-redhat-linux/8/../../../../include/c++/8/backward]
    add: [/usr/lib/gcc/x86_64-redhat-linux/8/include]
    add: [/usr/local/include]
    add: [/usr/include]
  end of search list found
  collapse include dir [/usr/lib/gcc/x86_64-redhat-linux/8/../../../../include/c++/8] ==> [/usr/include/c++/8]
  collapse include dir [/usr/lib/gcc/x86_64-redhat-linux/8/../../../../include/c++/8/x86_64-redhat-linux] ==> [/usr/include/c++/8/x86_64-redhat-linux]
  collapse include dir [/usr/lib/gcc/x86_64-redhat-linux/8/../../../../include/c++/8/backward] ==> [/usr/include/c++/8/backward]
  collapse include dir [/usr/lib/gcc/x86_64-redhat-linux/8/include] ==> [/usr/lib/gcc/x86_64-redhat-linux/8/include]
  collapse include dir [/usr/local/include] ==> [/usr/local/include]
  collapse include dir [/usr/include] ==> [/usr/include]
  implicit include dirs: [/usr/include/c++/8;/usr/include/c++/8/x86_64-redhat-linux;/usr/include/c++/8/backward;/usr/lib/gcc/x86_64-redhat-linux/8/include;/usr/local/include;/usr/include]


Parsed CXX implicit link information from above output:
  link line regex: [^( *|.*[/\])(ld|CMAKE_LINK_STARTFILE-NOTFOUND|([^/\]+-)?ld|collect2)[^/\]*( |$)]
  ignore line: [Change Dir: /home/dxgzg/Pine/cmake-build-debug/CMakeFiles/CMakeTmp]
  ignore line: []
  ignore line: [Run Build Command(s):/home/dxgzg/.cache/JetBrains/RemoteDev/dist/7910daac18c9b_CLion-2022.1/bin/ninja/linux/ninja cmTC_77c34 && [1/2] Building CXX object CMakeFiles/cmTC_77c34.dir/CMakeCXXCompilerABI.cpp.o]
  ignore line: [Using built-in specs.]
  ignore line: [COLLECT_GCC=/usr/bin/c++]
  ignore line: [OFFLOAD_TARGET_NAMES=nvptx-none]
  ignore line: [OFFLOAD_TARGET_DEFAULT=1]
  ignore line: [Target: x86_64-redhat-linux]
  ignore line: [Configured with: ../configure --enable-bootstrap --enable-languages=c c++ fortran lto --prefix=/usr --mandir=/usr/share/man --infodir=/usr/share/info --with-bugurl=http://bugzilla.redhat.com/bugzilla --enable-shared --enable-threads=posix --enable-checking=release --enable-multilib --with-system-zlib --enable-__cxa_atexit --disable-libunwind-exceptions --enable-gnu-unique-object --enable-linker-build-id --with-gcc-major-version-only --with-linker-hash-style=gnu --enable-plugin --enable-initfini-array --with-isl --disable-libmpx --enable-offload-targets=nvptx-none --without-cuda-driver --enable-gnu-indirect-function --enable-cet --with-tune=generic --with-arch_32=x86-64 --build=x86_64-redhat-linux]
  ignore line: [Thread model: posix]
  ignore line: [gcc version 8.5.0 20210514 (Red Hat 8.5.0-4) (GCC) ]
  ignore line: [COLLECT_GCC_OPTIONS='-v' '-o' 'CMakeFiles/cmTC_77c34.dir/CMakeCXXCompilerABI.cpp.o' '-c' '-shared-libgcc' '-mtune=generic' '-march=x86-64']
  ignore line: [ /usr/libexec/gcc/x86_64-redhat-linux/8/cc1plus -quiet -v -D_GNU_SOURCE /home/dxgzg/.cache/JetBrains/RemoteDev/dist/7910daac18c9b_CLion-2022.1/bin/cmake/linux/share/cmake-3.22/Modules/CMakeCXXCompilerABI.cpp -quiet -dumpbase CMakeCXXCompilerABI.cpp -mtune=generic -march=x86-64 -auxbase-strip CMakeFiles/cmTC_77c34.dir/CMakeCXXCompilerABI.cpp.o -version -o /tmp/ccSuG48s.s]
  ignore line: [GNU C++14 (GCC) version 8.5.0 20210514 (Red Hat 8.5.0-4) (x86_64-redhat-linux)]
  ignore line: [	compiled by GNU C version 8.5.0 20210514 (Red Hat 8.5.0-4)  GMP version 6.1.2  MPFR version 3.1.6-p2  MPC version 1.1.0  isl version isl-0.16.1-GMP]
  ignore line: []
  ignore line: [GGC heuristics: --param ggc-min-expand=100 --param ggc-min-heapsize=131072]
  ignore line: [ignoring nonexistent directory "/usr/lib/gcc/x86_64-redhat-linux/8/include-fixed"]
  ignore line: [ignoring nonexistent directory "/usr/lib/gcc/x86_64-redhat-linux/8/../../../../x86_64-redhat-linux/include"]
  ignore line: [#include "..." search starts here:]
  ignore line: [#include <...> search starts here:]
  ignore line: [ /usr/lib/gcc/x86_64-redhat-linux/8/../../../../include/c++/8]
  ignore line: [ /usr/lib/gcc/x86_64-redhat-linux/8/../../../../include/c++/8/x86_64-redhat-linux]
  ignore line: [ /usr/lib/gcc/x86_64-redhat-linux/8/../../../../include/c++/8/backward]
  ignore line: [ /usr/lib/gcc/x86_64-redhat-linux/8/include]
  ignore line: [ /usr/local/include]
  ignore line: [ /usr/include]
  ignore line: [End of search list.]
  ignore line: [GNU C++14 (GCC) version 8.5.0 20210514 (Red Hat 8.5.0-4) (x86_64-redhat-linux)]
  ignore line: [	compiled by GNU C version 8.5.0 20210514 (Red Hat 8.5.0-4)  GMP version 6.1.2  MPFR version 3.1.6-p2  MPC version 1.1.0  isl version isl-0.16.1-GMP]
  ignore line: []
  ignore line: [GGC heuristics: --param ggc-min-expand=100 --param ggc-min-heapsize=131072]
  ignore line: [Compiler executable checksum: a3e911683655adb395232bf9ad0a32d4]
  ignore line: [COLLECT_GCC_OPTIONS='-v' '-o' 'CMakeFiles/cmTC_77c34.dir/CMakeCXXCompilerABI.cpp.o' '-c' '-shared-libgcc' '-mtune=generic' '-march=x86-64']
  ignore line: [ as -v --64 -o CMakeFiles/cmTC_77c34.dir/CMakeCXXCompilerABI.cpp.o /tmp/ccSuG48s.s]
  ignore line: [GNU assembler version 2.36 (x86_64-pc-linux-gnu) using BFD version (GNU Binutils) 2.36]
  ignore line: [COMPILER_PATH=/usr/libexec/gcc/x86_64-redhat-linux/8/:/usr/libexec/gcc/x86_64-redhat-linux/8/:/usr/libexec/gcc/x86_64-redhat-linux/:/usr/lib/gcc/x86_64-redhat-linux/8/:/usr/lib/gcc/x86_64-redhat-linux/]
  ignore line: [LIBRARY_PATH=/usr/lib/gcc/x86_64-redhat-linux/8/:/usr/lib/gcc/x86_64-redhat-linux/8/../../../../lib64/:/lib/../lib64/:/usr/lib/../lib64/:/usr/lib/gcc/x86_64-redhat-linux/8/../../../:/lib/:/usr/lib/]
  ignore line: [COLLECT_GCC_OPTIONS='-v' '-o' 'CMakeFiles/cmTC_77c34.dir/CMakeCXXCompilerABI.cpp.o' '-c' '-shared-libgcc' '-mtune=generic' '-march=x86-64']
  ignore line: [[2/2] Linking CXX executable cmTC_77c34]
  ignore line: [Using built-in specs.]
  ignore line: [COLLECT_GCC=/usr/bin/c++]
  ignore line: [COLLECT_LTO_WRAPPER=/usr/libexec/gcc/x86_64-redhat-linux/8/lto-wrapper]
  ignore line: [OFFLOAD_TARGET_NAMES=nvptx-none]
  ignore line: [OFFLOAD_TARGET_DEFAULT=1]
  ignore line: [Target: x86_64-redhat-linux]
  ignore line: [Configured with: ../configure --enable-bootstrap --enable-languages=c c++ fortran lto --prefix=/usr --mandir=/usr/share/man --infodir=/usr/share/info --with-bugurl=http://bugzilla.redhat.com/bugzilla --enable-shared --enable-threads=posix --enable-checking=release --enable-multilib --with-system-zlib --enable-__cxa_atexit --disable-libunwind-exceptions --enable-gnu-unique-object --enable-linker-build-id --with-gcc-major-version-only --with-linker-hash-style=gnu --enable-plugin --enable-initfini-array --with-isl --disable-libmpx --enable-offload-targets=nvptx-none --without-cuda-driver --enable-gnu-indirect-function --enable-cet --with-tune=generic --with-arch_32=x86-64 --build=x86_64-redhat-linux]
  ignore line: [Thread model: posix]
  ignore line: [gcc version 8.5.0 20210514 (Red Hat 8.5.0-4) (GCC) ]
  ignore line: [COMPILER_PATH=/usr/libexec/gcc/x86_64-redhat-linux/8/:/usr/libexec/gcc/x86_64-redhat-linux/8/:/usr/libexec/gcc/x86_64-redhat-linux/:/usr/lib/gcc/x86_64-redhat-linux/8/:/usr/lib/gcc/x86_64-redhat-linux/]
  ignore line: [LIBRARY_PATH=/usr/lib/gcc/x86_64-redhat-linux/8/:/usr/lib/gcc/x86_64-redhat-linux/8/../../../../lib64/:/lib/../lib64/:/usr/lib/../lib64/:/usr/lib/gcc/x86_64-redhat-linux/8/../../../:/lib/:/usr/lib/]
  ignore line: [COLLECT_GCC_OPTIONS='-v' '-rdynamic' '-o' 'cmTC_77c34' '-shared-libgcc' '-mtune=generic' '-march=x86-64']
  link line: [ /usr/libexec/gcc/x86_64-redhat-linux/8/collect2 -plugin /usr/libexec/gcc/x86_64-redhat-linux/8/liblto_plugin.so -plugin-opt=/usr/libexec/gcc/x86_64-redhat-linux/8/lto-wrapper -plugin-opt=-fresolution=/tmp/ccm6UoWM.res -plugin-opt=-pass-through=-lgcc_s -plugin-opt=-pass-through=-lgcc -plugin-opt=-pass-through=-lc -plugin-opt=-pass-through=-lgcc_s -plugin-opt=-pass-through=-lgcc --build-id --no-add-needed --eh-frame-hdr --hash-style=gnu -m elf_x86_64 -export-dynamic -dynamic-linker /lib64/ld-linux-x86-64.so.2 -o cmTC_77c34 /usr/lib/gcc/x86_64-redhat-linux/8/../../../../lib64/crt1.o /usr/lib/gcc/x86_64-redhat-linux/8/../../../../lib64/crti.o /usr/lib/gcc/x86_64-redhat-linux/8/crtbegin.o -L/usr/lib/gcc/x86_64-redhat-linux/8 -L/usr/lib/gcc/x86_64-redhat-linux/8/../../../../lib64 -L/lib/../lib64 -L/usr/lib/../lib64 -L/usr/lib/gcc/x86_64-redhat-linux/8/../../.. CMakeFiles/cmTC_77c34.dir/CMakeCXXCompilerABI.cpp.o -lstdc++ -lm -lgcc_s -lgcc -lc -lgcc_s -lgcc /usr/lib/gcc/x86_64-redhat-linux/8/crtend.o /usr/lib/gcc/x86_64-redhat-linux/8/../../../../lib64/crtn.o]
    arg [/usr/libexec/gcc/x86_64-redhat-linux/8/collect2] ==> ignore
    arg [-plugin] ==> ignore
    arg [/usr/libexec/gcc/x86_64-redhat-linux/8/liblto_plugin.so] ==> ignore
    arg [-plugin-opt=/usr/libexec/gcc/x86_64-redhat-linux/8/lto-wrapper] ==> ignore
    arg [-plugin-opt=-fresolution=/tmp/ccm6UoWM.res] ==> ignore
    arg [-plugin-opt=-pass-through=-lgcc_s] ==> ignore
    arg [-plugin-opt=-pass-through=-lgcc] ==> ignore
    arg [-plugin-opt=-pass-through=-lc] ==> ignore
    arg [-plugin-opt=-pass-through=-lgcc_s] ==> ignore
    arg [-plugin-opt=-pass-through=-lgcc] ==> ignore
    arg [--build-id] ==> ignore
    arg [--no-add-needed] ==> ignore
    arg [--eh-frame-hdr] ==> ignore
    arg [--hash-style=gnu] ==> ignore
    arg [-m] ==> ignore
    arg [elf_x86_64] ==> ignore
    arg [-export-dynamic] ==> ignore
    arg [-dynamic-linker] ==> ignore
    arg [/lib64/ld-linux-x86-64.so.2] ==> ignore
    arg [-o] ==> ignore
    arg [cmTC_77c34] ==> ignore
    arg [/usr/lib/gcc/x86_64-redhat-linux/8/../../../../lib64/crt1.o] ==> obj [/usr/lib/gcc/x86_64-redhat-linux/8/../../../../lib64/crt1.o]
    arg [/usr/lib/gcc/x86_64-redhat-linux/8/../../../../lib64/crti.o] ==> obj [/usr/lib/gcc/x86_64-redhat-linux/8/../../../../lib64/crti.o]
    arg [/usr/lib/gcc/x86_64-redhat-linux/8/crtbegin.o] ==> obj [/usr/lib/gcc/x86_64-redhat-linux/8/crtbegin.o]
    arg [-L/usr/lib/gcc/x86_64-redhat-linux/8] ==> dir [/usr/lib/gcc/x86_64-redhat-linux/8]
    arg [-L/usr/lib/gcc/x86_64-redhat-linux/8/../../../../lib64] ==> dir [/usr/lib/gcc/x86_64-redhat-linux/8/../../../../lib64]
    arg [-L/lib/../lib64] ==> dir [/lib/../lib64]
    arg [-L/usr/lib/../lib64] ==> dir [/usr/lib/../lib64]
    arg [-L/usr/lib/gcc/x86_64-redhat-linux/8/../../..] ==> dir [/usr/lib/gcc/x86_64-redhat-linux/8/../../..]
    arg [CMakeFiles/cmTC_77c34.dir/CMakeCXXCompilerABI.cpp.o] ==> ignore
    arg [-lstdc++] ==> lib [stdc++]
    arg [-lm] ==> lib [m]
    arg [-lgcc_s] ==> lib [gcc_s]
    arg [-lgcc] ==> lib [gcc]
    arg [-lc] ==> lib [c]
    arg [-lgcc_s] ==> lib [gcc_s]
    arg [-lgcc] ==> lib [gcc]
    arg [/usr/lib/gcc/x86_64-redhat-linux/8/crtend.o] ==> obj [/usr/lib/gcc/x86_64-redhat-linux/8/crtend.o]
    arg [/usr/lib/gcc/x86_64-redhat-linux/8/../../../../lib64/crtn.o] ==> obj [/usr/lib/gcc/x86_64-redhat-linux/8/../../../../lib64/crtn.o]
  collapse obj [/usr/lib/gcc/x86_64-redhat-linux/8/../../../../lib64/crt1.o] ==> [/usr/lib64/crt1.o]
  collapse obj [/usr/lib/gcc/x86_64-redhat-linux/8/../../../../lib64/crti.o] ==> [/usr/lib64/crti.o]
  collapse obj [/usr/lib/gcc/x86_64-redhat-linux/8/../../../../lib64/crtn.o] ==> [/usr/lib64/crtn.o]
  collapse library dir [/usr/lib/gcc/x86_64-redhat-linux/8] ==> [/usr/lib/gcc/x86_64-redhat-linux/8]
  collapse library dir [/usr/lib/gcc/x86_64-redhat-linux/8/../../../../lib64] ==> [/usr/lib64]
  collapse library dir [/lib/../lib64] ==> [/lib64]
  collapse library dir [/usr/lib/../lib64] ==> [/usr/lib64]
  collapse library dir [/usr/lib/gcc/x86_64-redhat-linux/8/../../..] ==> [/usr/lib]
  implicit libs: [stdc++;m;gcc_s;gcc;c;gcc_s;gcc]
  implicit objs: [/usr/lib64/crt1.o;/usr/lib64/crti.o;/usr/lib/gcc/x86_64-redhat-linux/8/crtbegin.o;/usr/lib/gcc/x86_64-redhat-linux/8/crtend.o;/usr/lib64/crtn.o]
  implicit dirs: [/usr/lib/gcc/x86_64-redhat-linux/8;/usr/lib64;/lib64;/usr/lib]
  implicit fwks: []


