The system is: Linux - 4.18.0-193.19.1.el8_2.x86_64 - x86_64
Compiling the C compiler identification source file "CMakeCCompilerId.c" succeeded.
Compiler: /usr/bin/cc 
Build flags: 
Id flags:  

The output was:
0


Compilation of the C compiler identification source "CMakeCCompilerId.c" produced "a.out"

The C compiler identification is GNU, found in "/home/dxgzg/Pine/build/CMakeFiles/3.11.4/CompilerIdC/a.out"

Compiling the CXX compiler identification source file "CMakeCXXCompilerId.cpp" succeeded.
Compiler: /usr/bin/c++ 
Build flags: 
Id flags:  

The output was:
0


Compilation of the CXX compiler identification source "CMakeCXXCompilerId.cpp" produced "a.out"

The CXX compiler identification is GNU, found in "/home/dxgzg/Pine/build/CMakeFiles/3.11.4/CompilerIdCXX/a.out"

Determining if the C compiler works passed with the following output:
Change Dir: /home/dxgzg/Pine/build/CMakeFiles/CMakeTmp

Run Build Command:"/usr/bin/gmake" "cmTC_84b8c/fast"
/usr/bin/gmake -f CMakeFiles/cmTC_84b8c.dir/build.make CMakeFiles/cmTC_84b8c.dir/build
gmake[1]: 进入目录“/home/dxgzg/Pine/build/CMakeFiles/CMakeTmp”
Building C object CMakeFiles/cmTC_84b8c.dir/testCCompiler.c.o
/usr/bin/cc    -o CMakeFiles/cmTC_84b8c.dir/testCCompiler.c.o   -c /home/dxgzg/Pine/build/CMakeFiles/CMakeTmp/testCCompiler.c
Linking C executable cmTC_84b8c
/usr/bin/cmake -E cmake_link_script CMakeFiles/cmTC_84b8c.dir/link.txt --verbose=1
/usr/bin/cc      -rdynamic CMakeFiles/cmTC_84b8c.dir/testCCompiler.c.o  -o cmTC_84b8c 
gmake[1]: 离开目录“/home/dxgzg/Pine/build/CMakeFiles/CMakeTmp”


Detecting C compiler ABI info compiled with the following output:
Change Dir: /home/dxgzg/Pine/build/CMakeFiles/CMakeTmp

Run Build Command:"/usr/bin/gmake" "cmTC_ca4bb/fast"
/usr/bin/gmake -f CMakeFiles/cmTC_ca4bb.dir/build.make CMakeFiles/cmTC_ca4bb.dir/build
gmake[1]: 进入目录“/home/dxgzg/Pine/build/CMakeFiles/CMakeTmp”
Building C object CMakeFiles/cmTC_ca4bb.dir/CMakeCCompilerABI.c.o
/usr/bin/cc    -o CMakeFiles/cmTC_ca4bb.dir/CMakeCCompilerABI.c.o   -c /usr/share/cmake/Modules/CMakeCCompilerABI.c
Linking C executable cmTC_ca4bb
/usr/bin/cmake -E cmake_link_script CMakeFiles/cmTC_ca4bb.dir/link.txt --verbose=1
/usr/bin/cc     -v -rdynamic CMakeFiles/cmTC_ca4bb.dir/CMakeCCompilerABI.c.o  -o cmTC_ca4bb 
使用内建 specs。
COLLECT_GCC=/usr/bin/cc
COLLECT_LTO_WRAPPER=/usr/libexec/gcc/x86_64-pc-linux-gnu/11.1.0/lto-wrapper
目标：x86_64-pc-linux-gnu
配置为：./configure --prefix=/usr --enable-multilib
线程模型：posix
Supported LTO compression algorithms: zlib
gcc 版本 11.1.0 (GCC) 
COMPILER_PATH=/usr/libexec/gcc/x86_64-pc-linux-gnu/11.1.0/:/usr/libexec/gcc/x86_64-pc-linux-gnu/11.1.0/:/usr/libexec/gcc/x86_64-pc-linux-gnu/:/usr/lib64/gcc/x86_64-pc-linux-gnu/11.1.0/:/usr/lib64/gcc/x86_64-pc-linux-gnu/
LIBRARY_PATH=/usr/lib64/gcc/x86_64-pc-linux-gnu/11.1.0/:/usr/lib64/gcc/x86_64-pc-linux-gnu/11.1.0/../../../../lib64/:/lib/../lib64/:/usr/lib/../lib64/:/usr/lib64/gcc/x86_64-pc-linux-gnu/11.1.0/../../../:/lib/:/usr/lib/
COLLECT_GCC_OPTIONS='-v' '-rdynamic' '-o' 'cmTC_ca4bb' '-mtune=generic' '-march=x86-64' '-dumpdir' 'cmTC_ca4bb.'
 /usr/libexec/gcc/x86_64-pc-linux-gnu/11.1.0/collect2 -plugin /usr/libexec/gcc/x86_64-pc-linux-gnu/11.1.0/liblto_plugin.so -plugin-opt=/usr/libexec/gcc/x86_64-pc-linux-gnu/11.1.0/lto-wrapper -plugin-opt=-fresolution=/tmp/ccYysx0U.res -plugin-opt=-pass-through=-lgcc -plugin-opt=-pass-through=-lgcc_s -plugin-opt=-pass-through=-lc -plugin-opt=-pass-through=-lgcc -plugin-opt=-pass-through=-lgcc_s --eh-frame-hdr -m elf_x86_64 -export-dynamic -dynamic-linker /lib64/ld-linux-x86-64.so.2 -o cmTC_ca4bb /usr/lib64/gcc/x86_64-pc-linux-gnu/11.1.0/../../../../lib64/crt1.o /usr/lib64/gcc/x86_64-pc-linux-gnu/11.1.0/../../../../lib64/crti.o /usr/lib64/gcc/x86_64-pc-linux-gnu/11.1.0/crtbegin.o -L/usr/lib64/gcc/x86_64-pc-linux-gnu/11.1.0 -L/usr/lib64/gcc/x86_64-pc-linux-gnu/11.1.0/../../../../lib64 -L/lib/../lib64 -L/usr/lib/../lib64 -L/usr/lib64/gcc/x86_64-pc-linux-gnu/11.1.0/../../.. CMakeFiles/cmTC_ca4bb.dir/CMakeCCompilerABI.c.o -lgcc --push-state --as-needed -lgcc_s --pop-state -lc -lgcc --push-state --as-needed -lgcc_s --pop-state /usr/lib64/gcc/x86_64-pc-linux-gnu/11.1.0/crtend.o /usr/lib64/gcc/x86_64-pc-linux-gnu/11.1.0/../../../../lib64/crtn.o
COLLECT_GCC_OPTIONS='-v' '-rdynamic' '-o' 'cmTC_ca4bb' '-mtune=generic' '-march=x86-64' '-dumpdir' 'cmTC_ca4bb.'
gmake[1]: 离开目录“/home/dxgzg/Pine/build/CMakeFiles/CMakeTmp”


Parsed C implicit link information from above output:
  link line regex: [^( *|.*[/\])(ld|CMAKE_LINK_STARTFILE-NOTFOUND|([^/\]+-)?ld|collect2)[^/\]*( |$)]
  ignore line: [Change Dir: /home/dxgzg/Pine/build/CMakeFiles/CMakeTmp]
  ignore line: []
  ignore line: [Run Build Command:"/usr/bin/gmake" "cmTC_ca4bb/fast"]
  ignore line: [/usr/bin/gmake -f CMakeFiles/cmTC_ca4bb.dir/build.make CMakeFiles/cmTC_ca4bb.dir/build]
  ignore line: [gmake[1]: 进入目录“/home/dxgzg/Pine/build/CMakeFiles/CMakeTmp”]
  ignore line: [Building C object CMakeFiles/cmTC_ca4bb.dir/CMakeCCompilerABI.c.o]
  ignore line: [/usr/bin/cc    -o CMakeFiles/cmTC_ca4bb.dir/CMakeCCompilerABI.c.o   -c /usr/share/cmake/Modules/CMakeCCompilerABI.c]
  ignore line: [Linking C executable cmTC_ca4bb]
  ignore line: [/usr/bin/cmake -E cmake_link_script CMakeFiles/cmTC_ca4bb.dir/link.txt --verbose=1]
  ignore line: [/usr/bin/cc     -v -rdynamic CMakeFiles/cmTC_ca4bb.dir/CMakeCCompilerABI.c.o  -o cmTC_ca4bb ]
  ignore line: [使用内建 specs。]
  ignore line: [COLLECT_GCC=/usr/bin/cc]
  ignore line: [COLLECT_LTO_WRAPPER=/usr/libexec/gcc/x86_64-pc-linux-gnu/11.1.0/lto-wrapper]
  ignore line: [目标：x86_64-pc-linux-gnu]
  ignore line: [配置为：./configure --prefix=/usr --enable-multilib]
  ignore line: [线程模型：posix]
  ignore line: [Supported LTO compression algorithms: zlib]
  ignore line: [gcc 版本 11.1.0 (GCC) ]
  ignore line: [COMPILER_PATH=/usr/libexec/gcc/x86_64-pc-linux-gnu/11.1.0/:/usr/libexec/gcc/x86_64-pc-linux-gnu/11.1.0/:/usr/libexec/gcc/x86_64-pc-linux-gnu/:/usr/lib64/gcc/x86_64-pc-linux-gnu/11.1.0/:/usr/lib64/gcc/x86_64-pc-linux-gnu/]
  ignore line: [LIBRARY_PATH=/usr/lib64/gcc/x86_64-pc-linux-gnu/11.1.0/:/usr/lib64/gcc/x86_64-pc-linux-gnu/11.1.0/../../../../lib64/:/lib/../lib64/:/usr/lib/../lib64/:/usr/lib64/gcc/x86_64-pc-linux-gnu/11.1.0/../../../:/lib/:/usr/lib/]
  ignore line: [COLLECT_GCC_OPTIONS='-v' '-rdynamic' '-o' 'cmTC_ca4bb' '-mtune=generic' '-march=x86-64' '-dumpdir' 'cmTC_ca4bb.']
  link line: [ /usr/libexec/gcc/x86_64-pc-linux-gnu/11.1.0/collect2 -plugin /usr/libexec/gcc/x86_64-pc-linux-gnu/11.1.0/liblto_plugin.so -plugin-opt=/usr/libexec/gcc/x86_64-pc-linux-gnu/11.1.0/lto-wrapper -plugin-opt=-fresolution=/tmp/ccYysx0U.res -plugin-opt=-pass-through=-lgcc -plugin-opt=-pass-through=-lgcc_s -plugin-opt=-pass-through=-lc -plugin-opt=-pass-through=-lgcc -plugin-opt=-pass-through=-lgcc_s --eh-frame-hdr -m elf_x86_64 -export-dynamic -dynamic-linker /lib64/ld-linux-x86-64.so.2 -o cmTC_ca4bb /usr/lib64/gcc/x86_64-pc-linux-gnu/11.1.0/../../../../lib64/crt1.o /usr/lib64/gcc/x86_64-pc-linux-gnu/11.1.0/../../../../lib64/crti.o /usr/lib64/gcc/x86_64-pc-linux-gnu/11.1.0/crtbegin.o -L/usr/lib64/gcc/x86_64-pc-linux-gnu/11.1.0 -L/usr/lib64/gcc/x86_64-pc-linux-gnu/11.1.0/../../../../lib64 -L/lib/../lib64 -L/usr/lib/../lib64 -L/usr/lib64/gcc/x86_64-pc-linux-gnu/11.1.0/../../.. CMakeFiles/cmTC_ca4bb.dir/CMakeCCompilerABI.c.o -lgcc --push-state --as-needed -lgcc_s --pop-state -lc -lgcc --push-state --as-needed -lgcc_s --pop-state /usr/lib64/gcc/x86_64-pc-linux-gnu/11.1.0/crtend.o /usr/lib64/gcc/x86_64-pc-linux-gnu/11.1.0/../../../../lib64/crtn.o]
    arg [/usr/libexec/gcc/x86_64-pc-linux-gnu/11.1.0/collect2] ==> ignore
    arg [-plugin] ==> ignore
    arg [/usr/libexec/gcc/x86_64-pc-linux-gnu/11.1.0/liblto_plugin.so] ==> ignore
    arg [-plugin-opt=/usr/libexec/gcc/x86_64-pc-linux-gnu/11.1.0/lto-wrapper] ==> ignore
    arg [-plugin-opt=-fresolution=/tmp/ccYysx0U.res] ==> ignore
    arg [-plugin-opt=-pass-through=-lgcc] ==> ignore
    arg [-plugin-opt=-pass-through=-lgcc_s] ==> ignore
    arg [-plugin-opt=-pass-through=-lc] ==> ignore
    arg [-plugin-opt=-pass-through=-lgcc] ==> ignore
    arg [-plugin-opt=-pass-through=-lgcc_s] ==> ignore
    arg [--eh-frame-hdr] ==> ignore
    arg [-m] ==> ignore
    arg [elf_x86_64] ==> ignore
    arg [-export-dynamic] ==> ignore
    arg [-dynamic-linker] ==> ignore
    arg [/lib64/ld-linux-x86-64.so.2] ==> ignore
    arg [-o] ==> ignore
    arg [cmTC_ca4bb] ==> ignore
    arg [/usr/lib64/gcc/x86_64-pc-linux-gnu/11.1.0/../../../../lib64/crt1.o] ==> ignore
    arg [/usr/lib64/gcc/x86_64-pc-linux-gnu/11.1.0/../../../../lib64/crti.o] ==> ignore
    arg [/usr/lib64/gcc/x86_64-pc-linux-gnu/11.1.0/crtbegin.o] ==> ignore
    arg [-L/usr/lib64/gcc/x86_64-pc-linux-gnu/11.1.0] ==> dir [/usr/lib64/gcc/x86_64-pc-linux-gnu/11.1.0]
    arg [-L/usr/lib64/gcc/x86_64-pc-linux-gnu/11.1.0/../../../../lib64] ==> dir [/usr/lib64/gcc/x86_64-pc-linux-gnu/11.1.0/../../../../lib64]
    arg [-L/lib/../lib64] ==> dir [/lib/../lib64]
    arg [-L/usr/lib/../lib64] ==> dir [/usr/lib/../lib64]
    arg [-L/usr/lib64/gcc/x86_64-pc-linux-gnu/11.1.0/../../..] ==> dir [/usr/lib64/gcc/x86_64-pc-linux-gnu/11.1.0/../../..]
    arg [CMakeFiles/cmTC_ca4bb.dir/CMakeCCompilerABI.c.o] ==> ignore
    arg [-lgcc] ==> lib [gcc]
    arg [--push-state] ==> ignore
    arg [--as-needed] ==> ignore
    arg [-lgcc_s] ==> lib [gcc_s]
    arg [--pop-state] ==> ignore
    arg [-lc] ==> lib [c]
    arg [-lgcc] ==> lib [gcc]
    arg [--push-state] ==> ignore
    arg [--as-needed] ==> ignore
    arg [-lgcc_s] ==> lib [gcc_s]
    arg [--pop-state] ==> ignore
    arg [/usr/lib64/gcc/x86_64-pc-linux-gnu/11.1.0/crtend.o] ==> ignore
    arg [/usr/lib64/gcc/x86_64-pc-linux-gnu/11.1.0/../../../../lib64/crtn.o] ==> ignore
  collapse library dir [/usr/lib64/gcc/x86_64-pc-linux-gnu/11.1.0] ==> [/usr/lib64/gcc/x86_64-pc-linux-gnu/11.1.0]
  collapse library dir [/usr/lib64/gcc/x86_64-pc-linux-gnu/11.1.0/../../../../lib64] ==> [/usr/lib64]
  collapse library dir [/lib/../lib64] ==> [/lib64]
  collapse library dir [/usr/lib/../lib64] ==> [/usr/lib64]
  collapse library dir [/usr/lib64/gcc/x86_64-pc-linux-gnu/11.1.0/../../..] ==> [/usr/lib64]
  implicit libs: [gcc;gcc_s;c;gcc;gcc_s]
  implicit dirs: [/usr/lib64/gcc/x86_64-pc-linux-gnu/11.1.0;/usr/lib64;/lib64]
  implicit fwks: []




Detecting C [-std=c11] compiler features compiled with the following output:
Change Dir: /home/dxgzg/Pine/build/CMakeFiles/CMakeTmp

Run Build Command:"/usr/bin/gmake" "cmTC_3f85b/fast"
/usr/bin/gmake -f CMakeFiles/cmTC_3f85b.dir/build.make CMakeFiles/cmTC_3f85b.dir/build
gmake[1]: 进入目录“/home/dxgzg/Pine/build/CMakeFiles/CMakeTmp”
Building C object CMakeFiles/cmTC_3f85b.dir/feature_tests.c.o
/usr/bin/cc   -std=c11 -o CMakeFiles/cmTC_3f85b.dir/feature_tests.c.o   -c /home/dxgzg/Pine/build/CMakeFiles/feature_tests.c
Linking C executable cmTC_3f85b
/usr/bin/cmake -E cmake_link_script CMakeFiles/cmTC_3f85b.dir/link.txt --verbose=1
/usr/bin/cc      -rdynamic CMakeFiles/cmTC_3f85b.dir/feature_tests.c.o  -o cmTC_3f85b 
gmake[1]: 离开目录“/home/dxgzg/Pine/build/CMakeFiles/CMakeTmp”


    Feature record: C_FEATURE:1c_function_prototypes
    Feature record: C_FEATURE:1c_restrict
    Feature record: C_FEATURE:1c_static_assert
    Feature record: C_FEATURE:1c_variadic_macros


Detecting C [-std=c99] compiler features compiled with the following output:
Change Dir: /home/dxgzg/Pine/build/CMakeFiles/CMakeTmp

Run Build Command:"/usr/bin/gmake" "cmTC_ab52c/fast"
/usr/bin/gmake -f CMakeFiles/cmTC_ab52c.dir/build.make CMakeFiles/cmTC_ab52c.dir/build
gmake[1]: 进入目录“/home/dxgzg/Pine/build/CMakeFiles/CMakeTmp”
Building C object CMakeFiles/cmTC_ab52c.dir/feature_tests.c.o
/usr/bin/cc   -std=c99 -o CMakeFiles/cmTC_ab52c.dir/feature_tests.c.o   -c /home/dxgzg/Pine/build/CMakeFiles/feature_tests.c
Linking C executable cmTC_ab52c
/usr/bin/cmake -E cmake_link_script CMakeFiles/cmTC_ab52c.dir/link.txt --verbose=1
/usr/bin/cc      -rdynamic CMakeFiles/cmTC_ab52c.dir/feature_tests.c.o  -o cmTC_ab52c 
gmake[1]: 离开目录“/home/dxgzg/Pine/build/CMakeFiles/CMakeTmp”


    Feature record: C_FEATURE:1c_function_prototypes
    Feature record: C_FEATURE:1c_restrict
    Feature record: C_FEATURE:0c_static_assert
    Feature record: C_FEATURE:1c_variadic_macros


Detecting C [-std=c90] compiler features compiled with the following output:
Change Dir: /home/dxgzg/Pine/build/CMakeFiles/CMakeTmp

Run Build Command:"/usr/bin/gmake" "cmTC_29163/fast"
/usr/bin/gmake -f CMakeFiles/cmTC_29163.dir/build.make CMakeFiles/cmTC_29163.dir/build
gmake[1]: 进入目录“/home/dxgzg/Pine/build/CMakeFiles/CMakeTmp”
Building C object CMakeFiles/cmTC_29163.dir/feature_tests.c.o
/usr/bin/cc   -std=c90 -o CMakeFiles/cmTC_29163.dir/feature_tests.c.o   -c /home/dxgzg/Pine/build/CMakeFiles/feature_tests.c
Linking C executable cmTC_29163
/usr/bin/cmake -E cmake_link_script CMakeFiles/cmTC_29163.dir/link.txt --verbose=1
/usr/bin/cc      -rdynamic CMakeFiles/cmTC_29163.dir/feature_tests.c.o  -o cmTC_29163 
gmake[1]: 离开目录“/home/dxgzg/Pine/build/CMakeFiles/CMakeTmp”


    Feature record: C_FEATURE:1c_function_prototypes
    Feature record: C_FEATURE:0c_restrict
    Feature record: C_FEATURE:0c_static_assert
    Feature record: C_FEATURE:0c_variadic_macros
Determining if the CXX compiler works passed with the following output:
Change Dir: /home/dxgzg/Pine/build/CMakeFiles/CMakeTmp

Run Build Command:"/usr/bin/gmake" "cmTC_bdf77/fast"
/usr/bin/gmake -f CMakeFiles/cmTC_bdf77.dir/build.make CMakeFiles/cmTC_bdf77.dir/build
gmake[1]: 进入目录“/home/dxgzg/Pine/build/CMakeFiles/CMakeTmp”
Building CXX object CMakeFiles/cmTC_bdf77.dir/testCXXCompiler.cxx.o
/usr/bin/c++     -o CMakeFiles/cmTC_bdf77.dir/testCXXCompiler.cxx.o -c /home/dxgzg/Pine/build/CMakeFiles/CMakeTmp/testCXXCompiler.cxx
Linking CXX executable cmTC_bdf77
/usr/bin/cmake -E cmake_link_script CMakeFiles/cmTC_bdf77.dir/link.txt --verbose=1
/usr/bin/c++       -rdynamic CMakeFiles/cmTC_bdf77.dir/testCXXCompiler.cxx.o  -o cmTC_bdf77 
gmake[1]: 离开目录“/home/dxgzg/Pine/build/CMakeFiles/CMakeTmp”


Detecting CXX compiler ABI info compiled with the following output:
Change Dir: /home/dxgzg/Pine/build/CMakeFiles/CMakeTmp

Run Build Command:"/usr/bin/gmake" "cmTC_c4ecf/fast"
/usr/bin/gmake -f CMakeFiles/cmTC_c4ecf.dir/build.make CMakeFiles/cmTC_c4ecf.dir/build
gmake[1]: 进入目录“/home/dxgzg/Pine/build/CMakeFiles/CMakeTmp”
Building CXX object CMakeFiles/cmTC_c4ecf.dir/CMakeCXXCompilerABI.cpp.o
/usr/bin/c++     -o CMakeFiles/cmTC_c4ecf.dir/CMakeCXXCompilerABI.cpp.o -c /usr/share/cmake/Modules/CMakeCXXCompilerABI.cpp
Linking CXX executable cmTC_c4ecf
/usr/bin/cmake -E cmake_link_script CMakeFiles/cmTC_c4ecf.dir/link.txt --verbose=1
/usr/bin/c++      -v -rdynamic CMakeFiles/cmTC_c4ecf.dir/CMakeCXXCompilerABI.cpp.o  -o cmTC_c4ecf 
使用内建 specs。
COLLECT_GCC=/usr/bin/c++
COLLECT_LTO_WRAPPER=/usr/libexec/gcc/x86_64-pc-linux-gnu/11.1.0/lto-wrapper
目标：x86_64-pc-linux-gnu
配置为：./configure --prefix=/usr --enable-multilib
线程模型：posix
Supported LTO compression algorithms: zlib
gcc 版本 11.1.0 (GCC) 
COMPILER_PATH=/usr/libexec/gcc/x86_64-pc-linux-gnu/11.1.0/:/usr/libexec/gcc/x86_64-pc-linux-gnu/11.1.0/:/usr/libexec/gcc/x86_64-pc-linux-gnu/:/usr/lib64/gcc/x86_64-pc-linux-gnu/11.1.0/:/usr/lib64/gcc/x86_64-pc-linux-gnu/
LIBRARY_PATH=/usr/lib64/gcc/x86_64-pc-linux-gnu/11.1.0/:/usr/lib64/gcc/x86_64-pc-linux-gnu/11.1.0/../../../../lib64/:/lib/../lib64/:/usr/lib/../lib64/:/usr/lib64/gcc/x86_64-pc-linux-gnu/11.1.0/../../../:/lib/:/usr/lib/
COLLECT_GCC_OPTIONS='-v' '-rdynamic' '-o' 'cmTC_c4ecf' '-shared-libgcc' '-mtune=generic' '-march=x86-64' '-dumpdir' 'cmTC_c4ecf.'
 /usr/libexec/gcc/x86_64-pc-linux-gnu/11.1.0/collect2 -plugin /usr/libexec/gcc/x86_64-pc-linux-gnu/11.1.0/liblto_plugin.so -plugin-opt=/usr/libexec/gcc/x86_64-pc-linux-gnu/11.1.0/lto-wrapper -plugin-opt=-fresolution=/tmp/cc9FuP77.res -plugin-opt=-pass-through=-lgcc_s -plugin-opt=-pass-through=-lgcc -plugin-opt=-pass-through=-lc -plugin-opt=-pass-through=-lgcc_s -plugin-opt=-pass-through=-lgcc --eh-frame-hdr -m elf_x86_64 -export-dynamic -dynamic-linker /lib64/ld-linux-x86-64.so.2 -o cmTC_c4ecf /usr/lib64/gcc/x86_64-pc-linux-gnu/11.1.0/../../../../lib64/crt1.o /usr/lib64/gcc/x86_64-pc-linux-gnu/11.1.0/../../../../lib64/crti.o /usr/lib64/gcc/x86_64-pc-linux-gnu/11.1.0/crtbegin.o -L/usr/lib64/gcc/x86_64-pc-linux-gnu/11.1.0 -L/usr/lib64/gcc/x86_64-pc-linux-gnu/11.1.0/../../../../lib64 -L/lib/../lib64 -L/usr/lib/../lib64 -L/usr/lib64/gcc/x86_64-pc-linux-gnu/11.1.0/../../.. CMakeFiles/cmTC_c4ecf.dir/CMakeCXXCompilerABI.cpp.o -lstdc++ -lm -lgcc_s -lgcc -lc -lgcc_s -lgcc /usr/lib64/gcc/x86_64-pc-linux-gnu/11.1.0/crtend.o /usr/lib64/gcc/x86_64-pc-linux-gnu/11.1.0/../../../../lib64/crtn.o
COLLECT_GCC_OPTIONS='-v' '-rdynamic' '-o' 'cmTC_c4ecf' '-shared-libgcc' '-mtune=generic' '-march=x86-64' '-dumpdir' 'cmTC_c4ecf.'
gmake[1]: 离开目录“/home/dxgzg/Pine/build/CMakeFiles/CMakeTmp”


Parsed CXX implicit link information from above output:
  link line regex: [^( *|.*[/\])(ld|CMAKE_LINK_STARTFILE-NOTFOUND|([^/\]+-)?ld|collect2)[^/\]*( |$)]
  ignore line: [Change Dir: /home/dxgzg/Pine/build/CMakeFiles/CMakeTmp]
  ignore line: []
  ignore line: [Run Build Command:"/usr/bin/gmake" "cmTC_c4ecf/fast"]
  ignore line: [/usr/bin/gmake -f CMakeFiles/cmTC_c4ecf.dir/build.make CMakeFiles/cmTC_c4ecf.dir/build]
  ignore line: [gmake[1]: 进入目录“/home/dxgzg/Pine/build/CMakeFiles/CMakeTmp”]
  ignore line: [Building CXX object CMakeFiles/cmTC_c4ecf.dir/CMakeCXXCompilerABI.cpp.o]
  ignore line: [/usr/bin/c++     -o CMakeFiles/cmTC_c4ecf.dir/CMakeCXXCompilerABI.cpp.o -c /usr/share/cmake/Modules/CMakeCXXCompilerABI.cpp]
  ignore line: [Linking CXX executable cmTC_c4ecf]
  ignore line: [/usr/bin/cmake -E cmake_link_script CMakeFiles/cmTC_c4ecf.dir/link.txt --verbose=1]
  ignore line: [/usr/bin/c++      -v -rdynamic CMakeFiles/cmTC_c4ecf.dir/CMakeCXXCompilerABI.cpp.o  -o cmTC_c4ecf ]
  ignore line: [使用内建 specs。]
  ignore line: [COLLECT_GCC=/usr/bin/c++]
  ignore line: [COLLECT_LTO_WRAPPER=/usr/libexec/gcc/x86_64-pc-linux-gnu/11.1.0/lto-wrapper]
  ignore line: [目标：x86_64-pc-linux-gnu]
  ignore line: [配置为：./configure --prefix=/usr --enable-multilib]
  ignore line: [线程模型：posix]
  ignore line: [Supported LTO compression algorithms: zlib]
  ignore line: [gcc 版本 11.1.0 (GCC) ]
  ignore line: [COMPILER_PATH=/usr/libexec/gcc/x86_64-pc-linux-gnu/11.1.0/:/usr/libexec/gcc/x86_64-pc-linux-gnu/11.1.0/:/usr/libexec/gcc/x86_64-pc-linux-gnu/:/usr/lib64/gcc/x86_64-pc-linux-gnu/11.1.0/:/usr/lib64/gcc/x86_64-pc-linux-gnu/]
  ignore line: [LIBRARY_PATH=/usr/lib64/gcc/x86_64-pc-linux-gnu/11.1.0/:/usr/lib64/gcc/x86_64-pc-linux-gnu/11.1.0/../../../../lib64/:/lib/../lib64/:/usr/lib/../lib64/:/usr/lib64/gcc/x86_64-pc-linux-gnu/11.1.0/../../../:/lib/:/usr/lib/]
  ignore line: [COLLECT_GCC_OPTIONS='-v' '-rdynamic' '-o' 'cmTC_c4ecf' '-shared-libgcc' '-mtune=generic' '-march=x86-64' '-dumpdir' 'cmTC_c4ecf.']
  link line: [ /usr/libexec/gcc/x86_64-pc-linux-gnu/11.1.0/collect2 -plugin /usr/libexec/gcc/x86_64-pc-linux-gnu/11.1.0/liblto_plugin.so -plugin-opt=/usr/libexec/gcc/x86_64-pc-linux-gnu/11.1.0/lto-wrapper -plugin-opt=-fresolution=/tmp/cc9FuP77.res -plugin-opt=-pass-through=-lgcc_s -plugin-opt=-pass-through=-lgcc -plugin-opt=-pass-through=-lc -plugin-opt=-pass-through=-lgcc_s -plugin-opt=-pass-through=-lgcc --eh-frame-hdr -m elf_x86_64 -export-dynamic -dynamic-linker /lib64/ld-linux-x86-64.so.2 -o cmTC_c4ecf /usr/lib64/gcc/x86_64-pc-linux-gnu/11.1.0/../../../../lib64/crt1.o /usr/lib64/gcc/x86_64-pc-linux-gnu/11.1.0/../../../../lib64/crti.o /usr/lib64/gcc/x86_64-pc-linux-gnu/11.1.0/crtbegin.o -L/usr/lib64/gcc/x86_64-pc-linux-gnu/11.1.0 -L/usr/lib64/gcc/x86_64-pc-linux-gnu/11.1.0/../../../../lib64 -L/lib/../lib64 -L/usr/lib/../lib64 -L/usr/lib64/gcc/x86_64-pc-linux-gnu/11.1.0/../../.. CMakeFiles/cmTC_c4ecf.dir/CMakeCXXCompilerABI.cpp.o -lstdc++ -lm -lgcc_s -lgcc -lc -lgcc_s -lgcc /usr/lib64/gcc/x86_64-pc-linux-gnu/11.1.0/crtend.o /usr/lib64/gcc/x86_64-pc-linux-gnu/11.1.0/../../../../lib64/crtn.o]
    arg [/usr/libexec/gcc/x86_64-pc-linux-gnu/11.1.0/collect2] ==> ignore
    arg [-plugin] ==> ignore
    arg [/usr/libexec/gcc/x86_64-pc-linux-gnu/11.1.0/liblto_plugin.so] ==> ignore
    arg [-plugin-opt=/usr/libexec/gcc/x86_64-pc-linux-gnu/11.1.0/lto-wrapper] ==> ignore
    arg [-plugin-opt=-fresolution=/tmp/cc9FuP77.res] ==> ignore
    arg [-plugin-opt=-pass-through=-lgcc_s] ==> ignore
    arg [-plugin-opt=-pass-through=-lgcc] ==> ignore
    arg [-plugin-opt=-pass-through=-lc] ==> ignore
    arg [-plugin-opt=-pass-through=-lgcc_s] ==> ignore
    arg [-plugin-opt=-pass-through=-lgcc] ==> ignore
    arg [--eh-frame-hdr] ==> ignore
    arg [-m] ==> ignore
    arg [elf_x86_64] ==> ignore
    arg [-export-dynamic] ==> ignore
    arg [-dynamic-linker] ==> ignore
    arg [/lib64/ld-linux-x86-64.so.2] ==> ignore
    arg [-o] ==> ignore
    arg [cmTC_c4ecf] ==> ignore
    arg [/usr/lib64/gcc/x86_64-pc-linux-gnu/11.1.0/../../../../lib64/crt1.o] ==> ignore
    arg [/usr/lib64/gcc/x86_64-pc-linux-gnu/11.1.0/../../../../lib64/crti.o] ==> ignore
    arg [/usr/lib64/gcc/x86_64-pc-linux-gnu/11.1.0/crtbegin.o] ==> ignore
    arg [-L/usr/lib64/gcc/x86_64-pc-linux-gnu/11.1.0] ==> dir [/usr/lib64/gcc/x86_64-pc-linux-gnu/11.1.0]
    arg [-L/usr/lib64/gcc/x86_64-pc-linux-gnu/11.1.0/../../../../lib64] ==> dir [/usr/lib64/gcc/x86_64-pc-linux-gnu/11.1.0/../../../../lib64]
    arg [-L/lib/../lib64] ==> dir [/lib/../lib64]
    arg [-L/usr/lib/../lib64] ==> dir [/usr/lib/../lib64]
    arg [-L/usr/lib64/gcc/x86_64-pc-linux-gnu/11.1.0/../../..] ==> dir [/usr/lib64/gcc/x86_64-pc-linux-gnu/11.1.0/../../..]
    arg [CMakeFiles/cmTC_c4ecf.dir/CMakeCXXCompilerABI.cpp.o] ==> ignore
    arg [-lstdc++] ==> lib [stdc++]
    arg [-lm] ==> lib [m]
    arg [-lgcc_s] ==> lib [gcc_s]
    arg [-lgcc] ==> lib [gcc]
    arg [-lc] ==> lib [c]
    arg [-lgcc_s] ==> lib [gcc_s]
    arg [-lgcc] ==> lib [gcc]
    arg [/usr/lib64/gcc/x86_64-pc-linux-gnu/11.1.0/crtend.o] ==> ignore
    arg [/usr/lib64/gcc/x86_64-pc-linux-gnu/11.1.0/../../../../lib64/crtn.o] ==> ignore
  collapse library dir [/usr/lib64/gcc/x86_64-pc-linux-gnu/11.1.0] ==> [/usr/lib64/gcc/x86_64-pc-linux-gnu/11.1.0]
  collapse library dir [/usr/lib64/gcc/x86_64-pc-linux-gnu/11.1.0/../../../../lib64] ==> [/usr/lib64]
  collapse library dir [/lib/../lib64] ==> [/lib64]
  collapse library dir [/usr/lib/../lib64] ==> [/usr/lib64]
  collapse library dir [/usr/lib64/gcc/x86_64-pc-linux-gnu/11.1.0/../../..] ==> [/usr/lib64]
  implicit libs: [stdc++;m;gcc_s;gcc;c;gcc_s;gcc]
  implicit dirs: [/usr/lib64/gcc/x86_64-pc-linux-gnu/11.1.0;/usr/lib64;/lib64]
  implicit fwks: []




Detecting CXX [-std=c++1z] compiler features compiled with the following output:
Change Dir: /home/dxgzg/Pine/build/CMakeFiles/CMakeTmp

Run Build Command:"/usr/bin/gmake" "cmTC_9f0ea/fast"
/usr/bin/gmake -f CMakeFiles/cmTC_9f0ea.dir/build.make CMakeFiles/cmTC_9f0ea.dir/build
gmake[1]: 进入目录“/home/dxgzg/Pine/build/CMakeFiles/CMakeTmp”
Building CXX object CMakeFiles/cmTC_9f0ea.dir/feature_tests.cxx.o
/usr/bin/c++    -std=c++1z -o CMakeFiles/cmTC_9f0ea.dir/feature_tests.cxx.o -c /home/dxgzg/Pine/build/CMakeFiles/feature_tests.cxx
Linking CXX executable cmTC_9f0ea
/usr/bin/cmake -E cmake_link_script CMakeFiles/cmTC_9f0ea.dir/link.txt --verbose=1
/usr/bin/c++       -rdynamic CMakeFiles/cmTC_9f0ea.dir/feature_tests.cxx.o  -o cmTC_9f0ea 
gmake[1]: 离开目录“/home/dxgzg/Pine/build/CMakeFiles/CMakeTmp”


    Feature record: CXX_FEATURE:1cxx_aggregate_default_initializers
    Feature record: CXX_FEATURE:1cxx_alias_templates
    Feature record: CXX_FEATURE:1cxx_alignas
    Feature record: CXX_FEATURE:1cxx_alignof
    Feature record: CXX_FEATURE:1cxx_attributes
    Feature record: CXX_FEATURE:1cxx_attribute_deprecated
    Feature record: CXX_FEATURE:1cxx_auto_type
    Feature record: CXX_FEATURE:1cxx_binary_literals
    Feature record: CXX_FEATURE:1cxx_constexpr
    Feature record: CXX_FEATURE:1cxx_contextual_conversions
    Feature record: CXX_FEATURE:1cxx_decltype
    Feature record: CXX_FEATURE:1cxx_decltype_auto
    Feature record: CXX_FEATURE:1cxx_decltype_incomplete_return_types
    Feature record: CXX_FEATURE:1cxx_default_function_template_args
    Feature record: CXX_FEATURE:1cxx_defaulted_functions
    Feature record: CXX_FEATURE:1cxx_defaulted_move_initializers
    Feature record: CXX_FEATURE:1cxx_delegating_constructors
    Feature record: CXX_FEATURE:1cxx_deleted_functions
    Feature record: CXX_FEATURE:1cxx_digit_separators
    Feature record: CXX_FEATURE:1cxx_enum_forward_declarations
    Feature record: CXX_FEATURE:1cxx_explicit_conversions
    Feature record: CXX_FEATURE:1cxx_extended_friend_declarations
    Feature record: CXX_FEATURE:1cxx_extern_templates
    Feature record: CXX_FEATURE:1cxx_final
    Feature record: CXX_FEATURE:1cxx_func_identifier
    Feature record: CXX_FEATURE:1cxx_generalized_initializers
    Feature record: CXX_FEATURE:1cxx_generic_lambdas
    Feature record: CXX_FEATURE:1cxx_inheriting_constructors
    Feature record: CXX_FEATURE:1cxx_inline_namespaces
    Feature record: CXX_FEATURE:1cxx_lambdas
    Feature record: CXX_FEATURE:1cxx_lambda_init_captures
    Feature record: CXX_FEATURE:1cxx_local_type_template_args
    Feature record: CXX_FEATURE:1cxx_long_long_type
    Feature record: CXX_FEATURE:1cxx_noexcept
    Feature record: CXX_FEATURE:1cxx_nonstatic_member_init
    Feature record: CXX_FEATURE:1cxx_nullptr
    Feature record: CXX_FEATURE:1cxx_override
    Feature record: CXX_FEATURE:1cxx_range_for
    Feature record: CXX_FEATURE:1cxx_raw_string_literals
    Feature record: CXX_FEATURE:1cxx_reference_qualified_functions
    Feature record: CXX_FEATURE:1cxx_relaxed_constexpr
    Feature record: CXX_FEATURE:1cxx_return_type_deduction
    Feature record: CXX_FEATURE:1cxx_right_angle_brackets
    Feature record: CXX_FEATURE:1cxx_rvalue_references
    Feature record: CXX_FEATURE:1cxx_sizeof_member
    Feature record: CXX_FEATURE:1cxx_static_assert
    Feature record: CXX_FEATURE:1cxx_strong_enums
    Feature record: CXX_FEATURE:1cxx_template_template_parameters
    Feature record: CXX_FEATURE:1cxx_thread_local
    Feature record: CXX_FEATURE:1cxx_trailing_return_types
    Feature record: CXX_FEATURE:1cxx_unicode_literals
    Feature record: CXX_FEATURE:1cxx_uniform_initialization
    Feature record: CXX_FEATURE:1cxx_unrestricted_unions
    Feature record: CXX_FEATURE:1cxx_user_literals
    Feature record: CXX_FEATURE:1cxx_variable_templates
    Feature record: CXX_FEATURE:1cxx_variadic_macros
    Feature record: CXX_FEATURE:1cxx_variadic_templates


Detecting CXX [-std=c++14] compiler features compiled with the following output:
Change Dir: /home/dxgzg/Pine/build/CMakeFiles/CMakeTmp

Run Build Command:"/usr/bin/gmake" "cmTC_4ae27/fast"
/usr/bin/gmake -f CMakeFiles/cmTC_4ae27.dir/build.make CMakeFiles/cmTC_4ae27.dir/build
gmake[1]: 进入目录“/home/dxgzg/Pine/build/CMakeFiles/CMakeTmp”
Building CXX object CMakeFiles/cmTC_4ae27.dir/feature_tests.cxx.o
/usr/bin/c++    -std=c++14 -o CMakeFiles/cmTC_4ae27.dir/feature_tests.cxx.o -c /home/dxgzg/Pine/build/CMakeFiles/feature_tests.cxx
Linking CXX executable cmTC_4ae27
/usr/bin/cmake -E cmake_link_script CMakeFiles/cmTC_4ae27.dir/link.txt --verbose=1
/usr/bin/c++       -rdynamic CMakeFiles/cmTC_4ae27.dir/feature_tests.cxx.o  -o cmTC_4ae27 
gmake[1]: 离开目录“/home/dxgzg/Pine/build/CMakeFiles/CMakeTmp”


    Feature record: CXX_FEATURE:1cxx_aggregate_default_initializers
    Feature record: CXX_FEATURE:1cxx_alias_templates
    Feature record: CXX_FEATURE:1cxx_alignas
    Feature record: CXX_FEATURE:1cxx_alignof
    Feature record: CXX_FEATURE:1cxx_attributes
    Feature record: CXX_FEATURE:1cxx_attribute_deprecated
    Feature record: CXX_FEATURE:1cxx_auto_type
    Feature record: CXX_FEATURE:1cxx_binary_literals
    Feature record: CXX_FEATURE:1cxx_constexpr
    Feature record: CXX_FEATURE:1cxx_contextual_conversions
    Feature record: CXX_FEATURE:1cxx_decltype
    Feature record: CXX_FEATURE:1cxx_decltype_auto
    Feature record: CXX_FEATURE:1cxx_decltype_incomplete_return_types
    Feature record: CXX_FEATURE:1cxx_default_function_template_args
    Feature record: CXX_FEATURE:1cxx_defaulted_functions
    Feature record: CXX_FEATURE:1cxx_defaulted_move_initializers
    Feature record: CXX_FEATURE:1cxx_delegating_constructors
    Feature record: CXX_FEATURE:1cxx_deleted_functions
    Feature record: CXX_FEATURE:1cxx_digit_separators
    Feature record: CXX_FEATURE:1cxx_enum_forward_declarations
    Feature record: CXX_FEATURE:1cxx_explicit_conversions
    Feature record: CXX_FEATURE:1cxx_extended_friend_declarations
    Feature record: CXX_FEATURE:1cxx_extern_templates
    Feature record: CXX_FEATURE:1cxx_final
    Feature record: CXX_FEATURE:1cxx_func_identifier
    Feature record: CXX_FEATURE:1cxx_generalized_initializers
    Feature record: CXX_FEATURE:1cxx_generic_lambdas
    Feature record: CXX_FEATURE:1cxx_inheriting_constructors
    Feature record: CXX_FEATURE:1cxx_inline_namespaces
    Feature record: CXX_FEATURE:1cxx_lambdas
    Feature record: CXX_FEATURE:1cxx_lambda_init_captures
    Feature record: CXX_FEATURE:1cxx_local_type_template_args
    Feature record: CXX_FEATURE:1cxx_long_long_type
    Feature record: CXX_FEATURE:1cxx_noexcept
    Feature record: CXX_FEATURE:1cxx_nonstatic_member_init
    Feature record: CXX_FEATURE:1cxx_nullptr
    Feature record: CXX_FEATURE:1cxx_override
    Feature record: CXX_FEATURE:1cxx_range_for
    Feature record: CXX_FEATURE:1cxx_raw_string_literals
    Feature record: CXX_FEATURE:1cxx_reference_qualified_functions
    Feature record: CXX_FEATURE:1cxx_relaxed_constexpr
    Feature record: CXX_FEATURE:1cxx_return_type_deduction
    Feature record: CXX_FEATURE:1cxx_right_angle_brackets
    Feature record: CXX_FEATURE:1cxx_rvalue_references
    Feature record: CXX_FEATURE:1cxx_sizeof_member
    Feature record: CXX_FEATURE:1cxx_static_assert
    Feature record: CXX_FEATURE:1cxx_strong_enums
    Feature record: CXX_FEATURE:1cxx_template_template_parameters
    Feature record: CXX_FEATURE:1cxx_thread_local
    Feature record: CXX_FEATURE:1cxx_trailing_return_types
    Feature record: CXX_FEATURE:1cxx_unicode_literals
    Feature record: CXX_FEATURE:1cxx_uniform_initialization
    Feature record: CXX_FEATURE:1cxx_unrestricted_unions
    Feature record: CXX_FEATURE:1cxx_user_literals
    Feature record: CXX_FEATURE:1cxx_variable_templates
    Feature record: CXX_FEATURE:1cxx_variadic_macros
    Feature record: CXX_FEATURE:1cxx_variadic_templates


Detecting CXX [-std=c++11] compiler features compiled with the following output:
Change Dir: /home/dxgzg/Pine/build/CMakeFiles/CMakeTmp

Run Build Command:"/usr/bin/gmake" "cmTC_c61be/fast"
/usr/bin/gmake -f CMakeFiles/cmTC_c61be.dir/build.make CMakeFiles/cmTC_c61be.dir/build
gmake[1]: 进入目录“/home/dxgzg/Pine/build/CMakeFiles/CMakeTmp”
Building CXX object CMakeFiles/cmTC_c61be.dir/feature_tests.cxx.o
/usr/bin/c++    -std=c++11 -o CMakeFiles/cmTC_c61be.dir/feature_tests.cxx.o -c /home/dxgzg/Pine/build/CMakeFiles/feature_tests.cxx
Linking CXX executable cmTC_c61be
/usr/bin/cmake -E cmake_link_script CMakeFiles/cmTC_c61be.dir/link.txt --verbose=1
/usr/bin/c++       -rdynamic CMakeFiles/cmTC_c61be.dir/feature_tests.cxx.o  -o cmTC_c61be 
gmake[1]: 离开目录“/home/dxgzg/Pine/build/CMakeFiles/CMakeTmp”


    Feature record: CXX_FEATURE:0cxx_aggregate_default_initializers
    Feature record: CXX_FEATURE:1cxx_alias_templates
    Feature record: CXX_FEATURE:1cxx_alignas
    Feature record: CXX_FEATURE:1cxx_alignof
    Feature record: CXX_FEATURE:1cxx_attributes
    Feature record: CXX_FEATURE:0cxx_attribute_deprecated
    Feature record: CXX_FEATURE:1cxx_auto_type
    Feature record: CXX_FEATURE:0cxx_binary_literals
    Feature record: CXX_FEATURE:1cxx_constexpr
    Feature record: CXX_FEATURE:0cxx_contextual_conversions
    Feature record: CXX_FEATURE:1cxx_decltype
    Feature record: CXX_FEATURE:0cxx_decltype_auto
    Feature record: CXX_FEATURE:1cxx_decltype_incomplete_return_types
    Feature record: CXX_FEATURE:1cxx_default_function_template_args
    Feature record: CXX_FEATURE:1cxx_defaulted_functions
    Feature record: CXX_FEATURE:1cxx_defaulted_move_initializers
    Feature record: CXX_FEATURE:1cxx_delegating_constructors
    Feature record: CXX_FEATURE:1cxx_deleted_functions
    Feature record: CXX_FEATURE:0cxx_digit_separators
    Feature record: CXX_FEATURE:1cxx_enum_forward_declarations
    Feature record: CXX_FEATURE:1cxx_explicit_conversions
    Feature record: CXX_FEATURE:1cxx_extended_friend_declarations
    Feature record: CXX_FEATURE:1cxx_extern_templates
    Feature record: CXX_FEATURE:1cxx_final
    Feature record: CXX_FEATURE:1cxx_func_identifier
    Feature record: CXX_FEATURE:1cxx_generalized_initializers
    Feature record: CXX_FEATURE:0cxx_generic_lambdas
    Feature record: CXX_FEATURE:1cxx_inheriting_constructors
    Feature record: CXX_FEATURE:1cxx_inline_namespaces
    Feature record: CXX_FEATURE:1cxx_lambdas
    Feature record: CXX_FEATURE:0cxx_lambda_init_captures
    Feature record: CXX_FEATURE:1cxx_local_type_template_args
    Feature record: CXX_FEATURE:1cxx_long_long_type
    Feature record: CXX_FEATURE:1cxx_noexcept
    Feature record: CXX_FEATURE:1cxx_nonstatic_member_init
    Feature record: CXX_FEATURE:1cxx_nullptr
    Feature record: CXX_FEATURE:1cxx_override
    Feature record: CXX_FEATURE:1cxx_range_for
    Feature record: CXX_FEATURE:1cxx_raw_string_literals
    Feature record: CXX_FEATURE:1cxx_reference_qualified_functions
    Feature record: CXX_FEATURE:0cxx_relaxed_constexpr
    Feature record: CXX_FEATURE:0cxx_return_type_deduction
    Feature record: CXX_FEATURE:1cxx_right_angle_brackets
    Feature record: CXX_FEATURE:1cxx_rvalue_references
    Feature record: CXX_FEATURE:1cxx_sizeof_member
    Feature record: CXX_FEATURE:1cxx_static_assert
    Feature record: CXX_FEATURE:1cxx_strong_enums
    Feature record: CXX_FEATURE:1cxx_template_template_parameters
    Feature record: CXX_FEATURE:1cxx_thread_local
    Feature record: CXX_FEATURE:1cxx_trailing_return_types
    Feature record: CXX_FEATURE:1cxx_unicode_literals
    Feature record: CXX_FEATURE:1cxx_uniform_initialization
    Feature record: CXX_FEATURE:1cxx_unrestricted_unions
    Feature record: CXX_FEATURE:1cxx_user_literals
    Feature record: CXX_FEATURE:0cxx_variable_templates
    Feature record: CXX_FEATURE:1cxx_variadic_macros
    Feature record: CXX_FEATURE:1cxx_variadic_templates


Detecting CXX [-std=c++98] compiler features compiled with the following output:
Change Dir: /home/dxgzg/Pine/build/CMakeFiles/CMakeTmp

Run Build Command:"/usr/bin/gmake" "cmTC_65a57/fast"
/usr/bin/gmake -f CMakeFiles/cmTC_65a57.dir/build.make CMakeFiles/cmTC_65a57.dir/build
gmake[1]: 进入目录“/home/dxgzg/Pine/build/CMakeFiles/CMakeTmp”
Building CXX object CMakeFiles/cmTC_65a57.dir/feature_tests.cxx.o
/usr/bin/c++    -std=c++98 -o CMakeFiles/cmTC_65a57.dir/feature_tests.cxx.o -c /home/dxgzg/Pine/build/CMakeFiles/feature_tests.cxx
Linking CXX executable cmTC_65a57
/usr/bin/cmake -E cmake_link_script CMakeFiles/cmTC_65a57.dir/link.txt --verbose=1
/usr/bin/c++       -rdynamic CMakeFiles/cmTC_65a57.dir/feature_tests.cxx.o  -o cmTC_65a57 
gmake[1]: 离开目录“/home/dxgzg/Pine/build/CMakeFiles/CMakeTmp”


    Feature record: CXX_FEATURE:0cxx_aggregate_default_initializers
    Feature record: CXX_FEATURE:0cxx_alias_templates
    Feature record: CXX_FEATURE:0cxx_alignas
    Feature record: CXX_FEATURE:0cxx_alignof
    Feature record: CXX_FEATURE:0cxx_attributes
    Feature record: CXX_FEATURE:0cxx_attribute_deprecated
    Feature record: CXX_FEATURE:0cxx_auto_type
    Feature record: CXX_FEATURE:0cxx_binary_literals
    Feature record: CXX_FEATURE:0cxx_constexpr
    Feature record: CXX_FEATURE:0cxx_contextual_conversions
    Feature record: CXX_FEATURE:0cxx_decltype
    Feature record: CXX_FEATURE:0cxx_decltype_auto
    Feature record: CXX_FEATURE:0cxx_decltype_incomplete_return_types
    Feature record: CXX_FEATURE:0cxx_default_function_template_args
    Feature record: CXX_FEATURE:0cxx_defaulted_functions
    Feature record: CXX_FEATURE:0cxx_defaulted_move_initializers
    Feature record: CXX_FEATURE:0cxx_delegating_constructors
    Feature record: CXX_FEATURE:0cxx_deleted_functions
    Feature record: CXX_FEATURE:0cxx_digit_separators
    Feature record: CXX_FEATURE:0cxx_enum_forward_declarations
    Feature record: CXX_FEATURE:0cxx_explicit_conversions
    Feature record: CXX_FEATURE:0cxx_extended_friend_declarations
    Feature record: CXX_FEATURE:0cxx_extern_templates
    Feature record: CXX_FEATURE:0cxx_final
    Feature record: CXX_FEATURE:0cxx_func_identifier
    Feature record: CXX_FEATURE:0cxx_generalized_initializers
    Feature record: CXX_FEATURE:0cxx_generic_lambdas
    Feature record: CXX_FEATURE:0cxx_inheriting_constructors
    Feature record: CXX_FEATURE:0cxx_inline_namespaces
    Feature record: CXX_FEATURE:0cxx_lambdas
    Feature record: CXX_FEATURE:0cxx_lambda_init_captures
    Feature record: CXX_FEATURE:0cxx_local_type_template_args
    Feature record: CXX_FEATURE:0cxx_long_long_type
    Feature record: CXX_FEATURE:0cxx_noexcept
    Feature record: CXX_FEATURE:0cxx_nonstatic_member_init
    Feature record: CXX_FEATURE:0cxx_nullptr
    Feature record: CXX_FEATURE:0cxx_override
    Feature record: CXX_FEATURE:0cxx_range_for
    Feature record: CXX_FEATURE:0cxx_raw_string_literals
    Feature record: CXX_FEATURE:0cxx_reference_qualified_functions
    Feature record: CXX_FEATURE:0cxx_relaxed_constexpr
    Feature record: CXX_FEATURE:0cxx_return_type_deduction
    Feature record: CXX_FEATURE:0cxx_right_angle_brackets
    Feature record: CXX_FEATURE:0cxx_rvalue_references
    Feature record: CXX_FEATURE:0cxx_sizeof_member
    Feature record: CXX_FEATURE:0cxx_static_assert
    Feature record: CXX_FEATURE:0cxx_strong_enums
    Feature record: CXX_FEATURE:1cxx_template_template_parameters
    Feature record: CXX_FEATURE:0cxx_thread_local
    Feature record: CXX_FEATURE:0cxx_trailing_return_types
    Feature record: CXX_FEATURE:0cxx_unicode_literals
    Feature record: CXX_FEATURE:0cxx_uniform_initialization
    Feature record: CXX_FEATURE:0cxx_unrestricted_unions
    Feature record: CXX_FEATURE:0cxx_user_literals
    Feature record: CXX_FEATURE:0cxx_variable_templates
    Feature record: CXX_FEATURE:0cxx_variadic_macros
    Feature record: CXX_FEATURE:0cxx_variadic_templates
